#
# A fatal error has been detected by the Java Runtime Environment:
#
#  SIGSEGV (0xb) at pc=0x000000010acf0a70, pid=62848, tid=259
#
# JRE version: OpenJDK Runtime Environment (17.0+35) (build 17+35-2724)
# Java VM: OpenJDK 64-Bit Server VM (17+35-2724, mixed mode, sharing, tiered, compressed oops, compressed class ptrs, g1 gc, bsd-amd64)
# Problematic frame:
# V  [libjvm.dylib+0x9ada70]  _ZN16SystemDictionary30resolve_instance_class_or_nullEP6Symbol6HandleS2_P10JavaThread+0x170
#
# No core dump will be written. Core dumps have been disabled. To enable core dumping, try "ulimit -c unlimited" before starting Java again
#
# If you would like to submit a bug report, please visit:
#   https://bugreport.java.com/bugreport/crash.jsp
# The crash happened outside the Java Virtual Machine in native code.
# See problematic frame for where to report the bug.
#

---------------  S U M M A R Y ------------

Command Line: -javaagent:/Users/huybensdries/Library/Application Support/JetBrains/Toolbox/apps/IDEA-U/ch-0/213.6777.52/IntelliJ IDEA.app/Contents/lib/idea_rt.jar=64129:/Users/huybensdries/Library/Application Support/JetBrains/Toolbox/apps/IDEA-U/ch-0/213.6777.52/IntelliJ IDEA.app/Contents/bin -Dfile.encoding=UTF-8 --module-path=/Users/huybensdries/.m2/repository/org/openjfx/javafx-controls/17.0.1/javafx-controls-17.0.1-mac.jar:/Users/huybensdries/.m2/repository/org/openjfx/javafx-base/17.0.1/javafx-base-17.0.1-mac.jar:/Users/huybensdries/.m2/repository/org/openjfx/javafx-graphics/17.0.1/javafx-graphics-17.0.1-mac.jar:/Users/huybensdries/.m2/repository/org/openjfx/javafx-fxml/17.0.1/javafx-fxml-17.0.1-mac.jar:/Users/huybensdries/Prog_OOP/02103451/target/classes -Djdk.module.main=be.ugent.flash be.ugent.flash/be.ugent.flash.Main /Users/huybensdries/Prog_OOP/02103451/etc/example.sqlite

Host: "MacBookPro17,1" x86_64 (EMULATED) 2400 MHz, 8 cores, 16G, Darwin 21.4.0, macOS 12.3 (21E230)
Time: Wed Mar 30 18:16:27 2022 CEST elapsed time: 0.609904 seconds (0d 0h 0m 0s)

---------------  T H R E A D  ---------------

Current thread (0x00007fb31c010a00):  JavaThread "Thread-1" [_thread_in_native, id=259, stack(0x0000000305482000,0x0000000305c82000)]

Stack: [0x0000000305482000,0x0000000305c82000],  sp=0x0000000305c7cf50,  free space=8171k
Native frames: (J=compiled Java code, j=interpreted, Vv=VM code, C=native code)
V  [libjvm.dylib+0x9ada70]  _ZN16SystemDictionary30resolve_instance_class_or_nullEP6Symbol6HandleS2_P10JavaThread+0x170
V  [libjvm.dylib+0x9ad3d4]  _ZN16SystemDictionary15resolve_or_failEP6Symbol6HandleS2_bP10JavaThread+0x64
V  [libjvm.dylib+0x33e7a7]  _ZN12ConstantPool13klass_at_implERK18constantPoolHandleiP10JavaThread+0x1a7
V  [libjvm.dylib+0x33f379]  _ZN12ConstantPool12klass_ref_atEiP10JavaThread+0xa9
V  [libjvm.dylib+0x7115cc]  _ZN8LinkInfoC2ERK18constantPoolHandleiP10JavaThread+0x3c
V  [libjvm.dylib+0x716585]  _ZN12LinkResolver14resolve_invokeER8CallInfo6HandleRK18constantPoolHandleiN9Bytecodes4CodeEP10JavaThread+0x65
V  [libjvm.dylib+0x4fd699]  _ZN18InterpreterRuntime14resolve_invokeEP10JavaThreadN9Bytecodes4CodeE+0x339
V  [libjvm.dylib+0x4fdd39]  _ZN18InterpreterRuntime18resolve_from_cacheEP10JavaThreadN9Bytecodes4CodeE+0x59
j  com.sun.glass.ui.Screen$$Lambda$82+0x0000000800c315e8.run()Ljava/lang/Object;+0 javafx.graphics
j  java.security.AccessController.executePrivileged(Ljava/security/PrivilegedAction;Ljava/security/AccessControlContext;Ljava/lang/Class;)Ljava/lang/Object;+29 java.base@17
j  java.security.AccessController.doPrivileged(Ljava/security/PrivilegedAction;)Ljava/lang/Object;+5 java.base@17
j  com.sun.glass.ui.Screen.<clinit>()V+9 javafx.graphics
v  ~StubRoutines::call_stub
V  [libjvm.dylib+0x5041d1]  _ZN9JavaCalls11call_helperEP9JavaValueRK12methodHandleP17JavaCallArgumentsP10JavaThread+0x2a1
V  [libjvm.dylib+0x4e25a4]  _ZN13InstanceKlass22call_class_initializerEP10JavaThread+0x254
V  [libjvm.dylib+0x4e1c47]  _ZN13InstanceKlass15initialize_implEP10JavaThread+0x597
V  [libjvm.dylib+0x714293]  _ZN12LinkResolver19resolve_static_callER8CallInfoRK8LinkInfobP10JavaThread+0x73
V  [libjvm.dylib+0x7165a0]  _ZN12LinkResolver14resolve_invokeER8CallInfo6HandleRK18constantPoolHandleiN9Bytecodes4CodeEP10JavaThread+0x80
V  [libjvm.dylib+0x4fd699]  _ZN18InterpreterRuntime14resolve_invokeEP10JavaThreadN9Bytecodes4CodeE+0x339
V  [libjvm.dylib+0x4fdd39]  _ZN18InterpreterRuntime18resolve_from_cacheEP10JavaThreadN9Bytecodes4CodeE+0x59
j  com.sun.glass.ui.Application.lambda$run$1(Ljava/lang/Runnable;)V+0 javafx.graphics
j  com.sun.glass.ui.Application$$Lambda$77+0x0000000800c304b0.run()V+4 javafx.graphics
j  com.sun.glass.ui.mac.MacApplication.lambda$runLoop$3(Ljava/lang/Runnable;)V+12 javafx.graphics
j  com.sun.glass.ui.mac.MacApplication$$Lambda$78+0x0000000800c306d8.run()V+8 javafx.graphics
v  ~StubRoutines::call_stub
V  [libjvm.dylib+0x5041d1]  _ZN9JavaCalls11call_helperEP9JavaValueRK12methodHandleP17JavaCallArgumentsP10JavaThread+0x2a1
V  [libjvm.dylib+0x55db66]  _ZL20jni_invoke_nonstaticP7JNIEnv_P9JavaValueP8_jobject11JNICallTypeP10_jmethodIDP18JNI_ArgumentPusherP10JavaThread+0x2d6
V  [libjvm.dylib+0x562046]  jni_CallVoidMethod+0x1a6
C  [libglass.dylib+0x8582]  -[GlassApplication applicationWillFinishLaunching:]+0x192
C  [CoreFoundation+0x75114]  __CFNOTIFICATIONCENTER_IS_CALLING_OUT_TO_AN_OBSERVER__+0xc
C  [CoreFoundation+0x111c2a]  ___CFXRegistrationPost_block_invoke+0x31
C  [CoreFoundation+0x111b9c]  _CFXRegistrationPost+0x1f0
C  [CoreFoundation+0x47050]  _CFXNotificationPost+0x329
C  [Foundation+0x990e]  -[NSNotificationCenter postNotificationName:object:userInfo:]+0x52
C  [AppKit+0x2f5df]  -[NSApplication finishLaunching]+0x147
C  [AppKit+0x2f1e9]  -[NSApplication run]+0xfa
C  [libglass.dylib+0xa2a5]  -[GlassApplication runLoop:]+0x795
C  [Foundation+0x81857]  __NSThreadPerformPerform+0xb3
C  [CoreFoundation+0x7fbca]  __CFRUNLOOP_IS_CALLING_OUT_TO_A_SOURCE0_PERFORM_FUNCTION__+0x11
C  [CoreFoundation+0x7fb32]  __CFRunLoopDoSource0+0xb4
C  [CoreFoundation+0x7f8b0]  __CFRunLoopDoSources0+0xf2
C  [CoreFoundation+0x7e2c0]  __CFRunLoopRun+0x37c
C  [CoreFoundation+0x7d884]  CFRunLoopRunSpecific+0x232
C  [libjli.dylib+0x70b2]  CreateExecutionEnvironment+0x182
C  [libjli.dylib+0x2c15]  JLI_Launch+0x585
C  [java+0x3c11]  main+0x191
C  0x0000000200f6051e

Java frames: (J=compiled Java code, j=interpreted, Vv=VM code)
j  com.sun.glass.ui.Screen$$Lambda$82+0x0000000800c315e8.run()Ljava/lang/Object;+0 javafx.graphics
j  java.security.AccessController.executePrivileged(Ljava/security/PrivilegedAction;Ljava/security/AccessControlContext;Ljava/lang/Class;)Ljava/lang/Object;+29 java.base@17
j  java.security.AccessController.doPrivileged(Ljava/security/PrivilegedAction;)Ljava/lang/Object;+5 java.base@17
j  com.sun.glass.ui.Screen.<clinit>()V+9 javafx.graphics
v  ~StubRoutines::call_stub
j  com.sun.glass.ui.Application.lambda$run$1(Ljava/lang/Runnable;)V+0 javafx.graphics
j  com.sun.glass.ui.Application$$Lambda$77+0x0000000800c304b0.run()V+4 javafx.graphics
j  com.sun.glass.ui.mac.MacApplication.lambda$runLoop$3(Ljava/lang/Runnable;)V+12 javafx.graphics
j  com.sun.glass.ui.mac.MacApplication$$Lambda$78+0x0000000800c306d8.run()V+8 javafx.graphics
v  ~StubRoutines::call_stub

siginfo: si_signo: 11 (SIGSEGV), si_code: 1 (SEGV_MAPERR), si_addr: 0xe1fc3322e1f5e02d

Register to memory mapping:

RAX=0xe1fc3322e1f5dfd5 is an unknown value
RBX=0x0000600002880fc0 points into unknown readable memory: 0x0000000000000002 | 02 00 00 00 00 00 00 00
RCX=0x000000010af9e806: _ZN16LogTagSetMappingILN6LogTag4typeE43ELS1_46ELS1_39ELS1_0ELS1_0ELS1_0EE7_tagsetE+0x4e in /Users/huybensdries/Library/Java/JavaVirtualMachines/openjdk-17/Contents/Home/lib/server/libjvm.dylib at 0x000000010a343000
RDX=0x0000000800000000 is pointing into metadata
RSP=0x0000000305c7cf50 is pointing into the stack for thread: 0x00007fb31c010a00
RBP=0x0000000305c7d050 is pointing into the stack for thread: 0x00007fb31c010a00
RSI=0x000000080000e748 is a pointer to class: 
java.security.ProtectionDomain {0x000000080000e748}
 - instance size:     5
 - klass size:        68
 - access:            public synchronized 
 - state:             fully_initialized
 - name:              'java/security/ProtectionDomain'
 - super:             'java/lang/Object'
 - sub:               
 - arrays:            'java/security/ProtectionDomain'[]
 - methods:           Array<T>(0x0000000800b219f8)
 - method ordering:   Array<T>(0x0000000800b219c0)
 - default_methods:   Array<T>(0x0000000000000000)
 - local interfaces:  Array<T>(0x00000008005bf240)
 - trans. interfaces: Array<T>(0x00000008005bf240)
 - constants:         constant pool [324] {0x0000000800b21b28} for 'java/security/ProtectionDomain' cache=0x000000080040d2b0
 - class loader data:  loader data: 0x0000600000cc4000 of 'bootstrap'
 - source file:       'ProtectionDomain.java'
 - class annotations:       Array<T>(0x0000000000000000)
 - class type annotations:  Array<T>(0x0000000000000000)
 - field annotations:       Array<T>(0x0000000000000000)
 - field type annotations:  Array<T>(0x0000000000000000)
 - inner classes:     Array<T>(0x0000000800b23138)
 - nest members:     Array<T>(0x0000000800b21948)
 - permitted subclasses:     Array<T>(0x00000008005bf1d0)
 - java mirror:       a 'java/lang/Class'{0x00000007ffd02df8} = 'java/security/ProtectionDomain'
 - vtable length      7  (start addr: 0x000000080000e918)
 - itable length      2 (start addr: 0x000000080000e950)
 - ---- static fields (1 words):
 - private static final 'filePermCompatInPD' 'Z' @112 
 - ---- non-static fields (6 words):
 - private 'hasAllPerm' 'Z' @12 
 - private final 'staticPermissions' 'Z' @13 
 - private 'codesource' 'Ljava/security/CodeSource;' @16 
 - private 'classloader' 'Ljava/lang/ClassLoader;' @20 
 - private 'principals' '[Ljava/security/Principal;' @24 
 - private 'permissions' 'Ljava/security/PermissionCollection;' @28 
 - final 'key' 'Ljava/security/ProtectionDomain$Key;' @32 
 - non-static oop maps: 16-32 
RDI=0x00000180000f79d8 is an unknown value
R8 =0x0000000700000000 points into unknown readable memory: 0x0000000000000000 | 00 00 00 00 00 00 00 00
R9 =0x00007fb31c010a00 is a thread
R10=0x000000010affef40: _ZN19TemplateInterpreter13_active_tableE+0x4800 in /Users/huybensdries/Library/Java/JavaVirtualMachines/openjdk-17/Contents/Home/lib/server/libjvm.dylib at 0x000000010a343000
R11=0x0000000305c7d3d8 is pointing into the stack for thread: 0x00007fb31c010a00
R12=0x00006000002c9310 points into unknown readable memory: 0x000000070faf0228 | 28 02 af 0f 07 00 00 00
R13=0x00006000002c9308 points into unknown readable memory: 0x000000070faf0228 | 28 02 af 0f 07 00 00 00
R14=0x000000070faf0228 is an oop: java.security.ProtectionDomain 
{0x000000070faf0228} - klass: 'java/security/ProtectionDomain'
 - ---- fields (total size 5 words):
 - private 'hasAllPerm' 'Z' @12  false
 - private final 'staticPermissions' 'Z' @13  false
 - private 'codesource' 'Ljava/security/CodeSource;' @16  a 'java/security/CodeSource'{0x000000070faefea8} (e1f5dfd5)
 - private 'classloader' 'Ljava/lang/ClassLoader;' @20  a 'jdk/internal/loader/ClassLoaders$AppClassLoader'{0x000000070fe19910} (e1fc3322)
 - private 'principals' '[Ljava/security/Principal;' @24  a 'java/security/Principal'[0] {0x000000070faf0260} (e1f5e04c)
 - private 'permissions' 'Ljava/security/PermissionCollection;' @28  a 'sun/security/util/LazyCodeSourcePermissionCollection'{0x000000070faf0068} (e1f5e00d)
 - final 'key' 'Ljava/security/ProtectionDomain$Key;' @32  a 'java/security/ProtectionDomain$Key'{0x000000070faf0250} (e1f5e04a)
R15=0x0000600003de7600 points into unknown readable memory: 0x6f630017f9f1000f | 0f 00 f1 f9 17 00 63 6f


Registers:
RAX=0xe1fc3322e1f5dfd5, RBX=0x0000600002880fc0, RCX=0x000000010af9e806, RDX=0x0000000800000000
RSP=0x0000000305c7cf50, RBP=0x0000000305c7d050, RSI=0x000000080000e748, RDI=0x00000180000f79d8
R8 =0x0000000700000000, R9 =0x00007fb31c010a00, R10=0x000000010affef40, R11=0x0000000305c7d3d8
R12=0x00006000002c9310, R13=0x00006000002c9308, R14=0x000000070faf0228, R15=0x0000600003de7600
RIP=0x000000010acf0a70, EFLAGS=0x0000000000000283, ERR=0x0000000000000004
  TRAPNO=0x000000000000000e

Top of Stack: (sp=0x0000000305c7cf50)
0x0000000305c7cf50:   00007fb31c010a00 00007fb31c010a00
0x0000000305c7cf60:   0000600002880fc0 00006000002c92c0
0x0000000305c7cf70:   00006000002c9310 00006000002c93a8
0x0000000305c7cf80:   00000000000000d8 0000000305c7d520
0x0000000305c7cf90:   000000010a7184d0 0000000800009738
0x0000000305c7cfa0:   0000000800449b88 0000000800b433c8
0x0000000305c7cfb0:   0000000000000000 0000000000000000
0x0000000305c7cfc0:   0000000300000000 000000010a827569
0x0000000305c7cfd0:   0b862cb69f8000a6 00007fb31c010a00
0x0000000305c7cfe0:   00006000002c9308 0000000305c7d2b8
0x0000000305c7cff0:   00007fb31c010a00 000000080041f898
0x0000000305c7d000:   0000000305c7d150 00007fb31c010a00
0x0000000305c7d010:   0000000300000000 00006000002c9310
0x0000000305c7d020:   000000070f55f0e8 00006000002c9308
0x0000000305c7d030:   0000600003de7600 00006000002c9308
0x0000000305c7d040:   0000000000000001 00007fb31c010a00
0x0000000305c7d050:   0000000305c7d090 000000010acf03d4
0x0000000305c7d060:   000000010afe0fcf 000000000000000e
0x0000000305c7d070:   0000000305c7d100 00006000002c9308
0x0000000305c7d080:   00007fb31c010a00 000000070faf0228
0x0000000305c7d090:   0000000305c7d0f0 000000010a6817a7
0x0000000305c7d0a0:   0000600003de7600 0000000000000003
0x0000000305c7d0b0:   000000000000000e 00006000002c9308
0x0000000305c7d0c0:   0000000e05c7d100 0000600003d98d40
0x0000000305c7d0d0:   000000000000000e 0000000000000000
0x0000000305c7d0e0:   00007fb31c010a00 0000000305c7d100
0x0000000305c7d0f0:   0000000305c7d130 000000010a682379
0x0000000305c7d100:   000000012e91fd08 00007fb31c010a00
0x0000000305c7d110:   0000000305c7d188 00007fb31c010a00
0x0000000305c7d120:   0000000305c7d298 0000000000000001
0x0000000305c7d130:   0000000305c7d170 000000010aa545cc
0x0000000305c7d140:   0000000305c7d370 00007fb31c010a00 

Instructions: (pc=0x000000010acf0a70)
0x000000010acf0970:   7c 29 b6 ff 48 85 c0 4c 89 65 b8 75 19 e9 c7 00
0x000000010acf0980:   00 00 31 ff e8 67 29 b6 ff 48 85 c0 4c 89 65 b8
0x000000010acf0990:   0f 84 b3 00 00 00 49 89 c6 49 8b 9c 24 38 02 00
0x000000010acf09a0:   00 4c 8b 63 18 49 83 fc f8 72 18 48 8d 15 e5 1a
0x000000010acf09b0:   13 00 be 08 00 00 00 48 89 df e8 d1 b1 7a ff 4c
0x000000010acf09c0:   8b 63 18 49 8d 44 24 08 48 3b 43 20 76 6e be 08
0x000000010acf09d0:   00 00 00 48 89 df 31 d2 e8 e3 b1 7a ff 49 89 c4
0x000000010acf09e0:   4d 89 34 24 4d 85 e4 74 60 4c 89 f7 31 f6 e8 6d
0x000000010acf09f0:   5c ec ff 84 c0 75 26 48 8d 3d 6b 22 19 00 48 8d
0x000000010acf0a00:   15 a5 22 19 00 48 8d 0d de 22 19 00 be 23 00 00
0x000000010acf0a10:   00 31 c0 e8 28 08 9a ff e8 f3 56 ed ff 49 8b 3c
0x000000010acf0a20:   24 e8 5a 25 b6 ff 48 85 c0 4c 89 65 c8 0f 84 ef
0x000000010acf0a30:   01 00 00 c7 45 c0 00 00 00 00 eb 22 48 89 43 18
0x000000010acf0a40:   4d 89 34 24 4d 85 e4 75 a0 48 8d 05 50 4e 2e 00
0x000000010acf0a50:   48 8b 00 b1 01 89 4d c0 31 c9 48 89 4d c8 48 8d
0x000000010acf0a60:   0d 97 de 2a 00 8a 09 80 c1 03 4c 89 ff 48 d3 ef
0x000000010acf0a70:   4c 8b 68 58 41 8b 0f 49 89 c4 41 8b 57 04 c1 e2
0x000000010acf0a80:   08 41 0f b6 77 06 c1 e6 08 45 0f b6 77 07 41 09
0x000000010acf0a90:   f6 41 31 d6 41 31 fe 41 0f a4 ce 10 4c 89 ef 44
0x000000010acf0aa0:   89 f6 4c 89 fa 48 8b 4d 90 e8 a2 ef a0 ff 48 89
0x000000010acf0ab0:   c3 48 85 c0 0f 85 88 03 00 00 4c 89 6d a8 4c 89
0x000000010acf0ac0:   65 b0 80 7d c0 00 74 04 31 f6 eb 20 48 8d 05 33
0x000000010acf0ad0:   d7 2e 00 80 38 00 4c 8b 65 c8 75 0d 49 8b 3c 24
0x000000010acf0ae0:   e8 1b 27 b6 ff 84 c0 75 df 4c 89 e6 48 8b 5d b8
0x000000010acf0af0:   4d 89 fc 48 8d bd 40 ff ff ff 48 89 b5 58 ff ff
0x000000010acf0b00:   ff 48 89 da e8 a7 ca ff ff 48 8d 05 70 f8 2f 00
0x000000010acf0b10:   4c 8b 28 4d 85 ed 74 0b 4c 89 ef 48 89 de e8 ed
0x000000010acf0b20:   41 ea ff 48 8b 7d a8 44 89 f6 4c 89 e2 e8 de ef
0x000000010acf0b30:   a0 ff 48 85 c0 48 89 45 c0 0f 84 f9 00 00 00 48
0x000000010acf0b40:   89 c2 31 f6 45 31 ff 4d 85 ed 74 12 4c 89 ef 48
0x000000010acf0b50:   89 f3 e8 49 43 ea ff 48 89 de 48 8b 55 c0 45 84
0x000000010acf0b60:   ff 4c 8b 6d b8 4d 89 e7 74 28 4c 89 ff 48 8b 55 


Stack slot to memory mapping:
stack at sp + 0 slots: 0x00007fb31c010a00 is a thread
stack at sp + 1 slots: 0x00007fb31c010a00 is a thread
stack at sp + 2 slots: 0x0000600002880fc0 points into unknown readable memory: 0x0000000000000002 | 02 00 00 00 00 00 00 00
stack at sp + 3 slots: 0x00006000002c92c0 points into unknown readable memory: 0x0000000000000000 | 00 00 00 00 00 00 00 00
stack at sp + 4 slots: 0x00006000002c9310 points into unknown readable memory: 0x000000070faf0228 | 28 02 af 0f 07 00 00 00
stack at sp + 5 slots: 0x00006000002c93a8 points into unknown readable memory: 0x0000000000000000 | 00 00 00 00 00 00 00 00
stack at sp + 6 slots: 0x00000000000000d8 is an unknown value
stack at sp + 7 slots: 0x0000000305c7d520 is pointing into the stack for thread: 0x00007fb31c010a00


---------------  P R O C E S S  ---------------

Threads class SMR info:
_java_thread_list=0x0000600003d9ec20, length=15, elements={
0x00007fb31a80de00, 0x00007fb31c0cb800, 0x00007fb30a828a00, 0x00007fb31a82aa00,
0x00007fb31a80fa00, 0x00007fb31a810000, 0x00007fb31c00d400, 0x00007fb31c00da00,
0x00007fb30a831000, 0x00007fb31a810600, 0x00007fb30a839600, 0x00007fb31b81ac00,
0x00007fb31c129600, 0x00007fb31c0e8000, 0x00007fb31c010a00
}

Java Threads: ( => current thread )
  0x00007fb31a80de00 JavaThread "main" [_thread_blocked, id=8451, stack(0x0000000305d05000,0x0000000305e05000)]
  0x00007fb31c0cb800 JavaThread "Reference Handler" daemon [_thread_blocked, id=43079, stack(0x000000030641a000,0x000000030651a000)]
  0x00007fb30a828a00 JavaThread "Finalizer" daemon [_thread_blocked, id=42755, stack(0x000000030651d000,0x000000030661d000)]
  0x00007fb31a82aa00 JavaThread "Signal Dispatcher" daemon [_thread_blocked, id=24835, stack(0x000000030672f000,0x000000030682f000)]
  0x00007fb31a80fa00 JavaThread "Service Thread" daemon [_thread_blocked, id=25091, stack(0x0000000306832000,0x0000000306932000)]
  0x00007fb31a810000 JavaThread "Monitor Deflation Thread" daemon [_thread_blocked, id=40451, stack(0x0000000306935000,0x0000000306a35000)]
  0x00007fb31c00d400 JavaThread "C2 CompilerThread0" daemon [_thread_blocked, id=25603, stack(0x0000000306a38000,0x0000000306b38000)]
  0x00007fb31c00da00 JavaThread "C1 CompilerThread0" daemon [_thread_blocked, id=39939, stack(0x0000000306b3b000,0x0000000306c3b000)]
  0x00007fb30a831000 JavaThread "Sweeper thread" daemon [_thread_blocked, id=39683, stack(0x0000000306c3e000,0x0000000306d3e000)]
  0x00007fb31a810600 JavaThread "Common-Cleaner" daemon [_thread_blocked, id=39139, stack(0x0000000306d41000,0x0000000306e41000)]
  0x00007fb30a839600 JavaThread "Monitor Ctrl-Break" daemon [_thread_in_native, id=38163, stack(0x0000000306e44000,0x0000000306f44000)]
  0x00007fb31b81ac00 JavaThread "Notification Thread" daemon [_thread_blocked, id=27395, stack(0x0000000306f47000,0x0000000307047000)]
  0x00007fb31c129600 JavaThread "QuantumRenderer-0" daemon [_thread_blocked, id=36643, stack(0x000000030714d000,0x000000030724d000)]
  0x00007fb31c0e8000 JavaThread "InvokeLaterDispatcher" daemon [_thread_blocked, id=43875, stack(0x00000003072d7000,0x00000003073d7000)]
=>0x00007fb31c010a00 JavaThread "Thread-1" [_thread_in_native, id=259, stack(0x0000000305482000,0x0000000305c82000)]

Other Threads:
  0x00007fb30a708540 VMThread "VM Thread" [stack: 0x0000000306317000,0x0000000306417000] [id=22019]
  0x00007fb30a70b550 WatcherThread [stack: 0x000000030704a000,0x000000030714a000] [id=37379]
  0x00007fb31b106040 GCTaskThread "GC Thread#0" [stack: 0x0000000305e08000,0x0000000305f08000] [id=18947]
  0x00007fb31a707410 ConcurrentGCThread "G1 Main Marker" [stack: 0x0000000305f0b000,0x000000030600b000] [id=18435]
  0x00007fb30a7041f0 ConcurrentGCThread "G1 Conc#0" [stack: 0x000000030600e000,0x000000030610e000] [id=14595]
  0x00007fb31b1085f0 ConcurrentGCThread "G1 Refine#0" [stack: 0x0000000306111000,0x0000000306211000] [id=14851]
  0x00007fb30a704a50 ConcurrentGCThread "G1 Service" [stack: 0x0000000306214000,0x0000000306314000] [id=15363]

Threads with active compile tasks:

VM state: not at safepoint (normal execution)

VM Mutex/Monitor currently owned by a thread: None

Heap address: 0x0000000700000000, size: 4096 MB, Compressed Oops mode: Zero based, Oop shift amount: 3

CDS archive(s) mapped at: [0x0000000800000000-0x0000000800bd0000-0x0000000800bd0000), size 12386304, SharedBaseAddress: 0x0000000800000000, ArchiveRelocationMode: 0.
Compressed class space mapped at: 0x0000000800c00000-0x0000000840c00000, reserved size: 1073741824
Narrow klass base: 0x0000000800000000, Narrow klass shift: 0, Narrow klass range: 0x100000000

GC Precious Log:
 CPUs: 8 total, 8 available
 Memory: 16384M
 Large Page Support: Disabled
 NUMA Support: Disabled
 Compressed Oops: Enabled (Zero based)
 Heap Region Size: 2M
 Heap Min Capacity: 8M
 Heap Initial Capacity: 256M
 Heap Max Capacity: 4G
 Pre-touch: Disabled
 Parallel Workers: 8
 Concurrent Workers: 2
 Concurrent Refinement Workers: 8
 Periodic GC: Disabled

Heap:
 garbage-first heap   total 266240K, used 12240K [0x0000000700000000, 0x0000000800000000)
  region size 2048K, 6 young (12288K), 0 survivors (0K)
 Metaspace       used 3299K, committed 3520K, reserved 1056768K
  class space    used 367K, committed 448K, reserved 1048576K

Heap Regions: E=young(eden), S=young(survivor), O=old, HS=humongous(starts), HC=humongous(continues), CS=collection set, F=free, OA=open archive, CA=closed archive, TAMS=top-at-mark-start (previous, next)
|   0|0x0000000700000000, 0x0000000700000000, 0x0000000700200000|  0%| F|  |TAMS 0x0000000700000000, 0x0000000700000000| Untracked 
|   1|0x0000000700200000, 0x0000000700200000, 0x0000000700400000|  0%| F|  |TAMS 0x0000000700200000, 0x0000000700200000| Untracked 
|   2|0x0000000700400000, 0x0000000700400000, 0x0000000700600000|  0%| F|  |TAMS 0x0000000700400000, 0x0000000700400000| Untracked 
|   3|0x0000000700600000, 0x0000000700600000, 0x0000000700800000|  0%| F|  |TAMS 0x0000000700600000, 0x0000000700600000| Untracked 
|   4|0x0000000700800000, 0x0000000700800000, 0x0000000700a00000|  0%| F|  |TAMS 0x0000000700800000, 0x0000000700800000| Untracked 
|   5|0x0000000700a00000, 0x0000000700a00000, 0x0000000700c00000|  0%| F|  |TAMS 0x0000000700a00000, 0x0000000700a00000| Untracked 
|   6|0x0000000700c00000, 0x0000000700c00000, 0x0000000700e00000|  0%| F|  |TAMS 0x0000000700c00000, 0x0000000700c00000| Untracked 
|   7|0x0000000700e00000, 0x0000000700e00000, 0x0000000701000000|  0%| F|  |TAMS 0x0000000700e00000, 0x0000000700e00000| Untracked 
|   8|0x0000000701000000, 0x0000000701000000, 0x0000000701200000|  0%| F|  |TAMS 0x0000000701000000, 0x0000000701000000| Untracked 
|   9|0x0000000701200000, 0x0000000701200000, 0x0000000701400000|  0%| F|  |TAMS 0x0000000701200000, 0x0000000701200000| Untracked 
|  10|0x0000000701400000, 0x0000000701400000, 0x0000000701600000|  0%| F|  |TAMS 0x0000000701400000, 0x0000000701400000| Untracked 
|  11|0x0000000701600000, 0x0000000701600000, 0x0000000701800000|  0%| F|  |TAMS 0x0000000701600000, 0x0000000701600000| Untracked 
|  12|0x0000000701800000, 0x0000000701800000, 0x0000000701a00000|  0%| F|  |TAMS 0x0000000701800000, 0x0000000701800000| Untracked 
|  13|0x0000000701a00000, 0x0000000701a00000, 0x0000000701c00000|  0%| F|  |TAMS 0x0000000701a00000, 0x0000000701a00000| Untracked 
|  14|0x0000000701c00000, 0x0000000701c00000, 0x0000000701e00000|  0%| F|  |TAMS 0x0000000701c00000, 0x0000000701c00000| Untracked 
|  15|0x0000000701e00000, 0x0000000701e00000, 0x0000000702000000|  0%| F|  |TAMS 0x0000000701e00000, 0x0000000701e00000| Untracked 
|  16|0x0000000702000000, 0x0000000702000000, 0x0000000702200000|  0%| F|  |TAMS 0x0000000702000000, 0x0000000702000000| Untracked 
|  17|0x0000000702200000, 0x0000000702200000, 0x0000000702400000|  0%| F|  |TAMS 0x0000000702200000, 0x0000000702200000| Untracked 
|  18|0x0000000702400000, 0x0000000702400000, 0x0000000702600000|  0%| F|  |TAMS 0x0000000702400000, 0x0000000702400000| Untracked 
|  19|0x0000000702600000, 0x0000000702600000, 0x0000000702800000|  0%| F|  |TAMS 0x0000000702600000, 0x0000000702600000| Untracked 
|  20|0x0000000702800000, 0x0000000702800000, 0x0000000702a00000|  0%| F|  |TAMS 0x0000000702800000, 0x0000000702800000| Untracked 
|  21|0x0000000702a00000, 0x0000000702a00000, 0x0000000702c00000|  0%| F|  |TAMS 0x0000000702a00000, 0x0000000702a00000| Untracked 
|  22|0x0000000702c00000, 0x0000000702c00000, 0x0000000702e00000|  0%| F|  |TAMS 0x0000000702c00000, 0x0000000702c00000| Untracked 
|  23|0x0000000702e00000, 0x0000000702e00000, 0x0000000703000000|  0%| F|  |TAMS 0x0000000702e00000, 0x0000000702e00000| Untracked 
|  24|0x0000000703000000, 0x0000000703000000, 0x0000000703200000|  0%| F|  |TAMS 0x0000000703000000, 0x0000000703000000| Untracked 
|  25|0x0000000703200000, 0x0000000703200000, 0x0000000703400000|  0%| F|  |TAMS 0x0000000703200000, 0x0000000703200000| Untracked 
|  26|0x0000000703400000, 0x0000000703400000, 0x0000000703600000|  0%| F|  |TAMS 0x0000000703400000, 0x0000000703400000| Untracked 
|  27|0x0000000703600000, 0x0000000703600000, 0x0000000703800000|  0%| F|  |TAMS 0x0000000703600000, 0x0000000703600000| Untracked 
|  28|0x0000000703800000, 0x0000000703800000, 0x0000000703a00000|  0%| F|  |TAMS 0x0000000703800000, 0x0000000703800000| Untracked 
|  29|0x0000000703a00000, 0x0000000703a00000, 0x0000000703c00000|  0%| F|  |TAMS 0x0000000703a00000, 0x0000000703a00000| Untracked 
|  30|0x0000000703c00000, 0x0000000703c00000, 0x0000000703e00000|  0%| F|  |TAMS 0x0000000703c00000, 0x0000000703c00000| Untracked 
|  31|0x0000000703e00000, 0x0000000703e00000, 0x0000000704000000|  0%| F|  |TAMS 0x0000000703e00000, 0x0000000703e00000| Untracked 
|  32|0x0000000704000000, 0x0000000704000000, 0x0000000704200000|  0%| F|  |TAMS 0x0000000704000000, 0x0000000704000000| Untracked 
|  33|0x0000000704200000, 0x0000000704200000, 0x0000000704400000|  0%| F|  |TAMS 0x0000000704200000, 0x0000000704200000| Untracked 
|  34|0x0000000704400000, 0x0000000704400000, 0x0000000704600000|  0%| F|  |TAMS 0x0000000704400000, 0x0000000704400000| Untracked 
|  35|0x0000000704600000, 0x0000000704600000, 0x0000000704800000|  0%| F|  |TAMS 0x0000000704600000, 0x0000000704600000| Untracked 
|  36|0x0000000704800000, 0x0000000704800000, 0x0000000704a00000|  0%| F|  |TAMS 0x0000000704800000, 0x0000000704800000| Untracked 
|  37|0x0000000704a00000, 0x0000000704a00000, 0x0000000704c00000|  0%| F|  |TAMS 0x0000000704a00000, 0x0000000704a00000| Untracked 
|  38|0x0000000704c00000, 0x0000000704c00000, 0x0000000704e00000|  0%| F|  |TAMS 0x0000000704c00000, 0x0000000704c00000| Untracked 
|  39|0x0000000704e00000, 0x0000000704e00000, 0x0000000705000000|  0%| F|  |TAMS 0x0000000704e00000, 0x0000000704e00000| Untracked 
|  40|0x0000000705000000, 0x0000000705000000, 0x0000000705200000|  0%| F|  |TAMS 0x0000000705000000, 0x0000000705000000| Untracked 
|  41|0x0000000705200000, 0x0000000705200000, 0x0000000705400000|  0%| F|  |TAMS 0x0000000705200000, 0x0000000705200000| Untracked 
|  42|0x0000000705400000, 0x0000000705400000, 0x0000000705600000|  0%| F|  |TAMS 0x0000000705400000, 0x0000000705400000| Untracked 
|  43|0x0000000705600000, 0x0000000705600000, 0x0000000705800000|  0%| F|  |TAMS 0x0000000705600000, 0x0000000705600000| Untracked 
|  44|0x0000000705800000, 0x0000000705800000, 0x0000000705a00000|  0%| F|  |TAMS 0x0000000705800000, 0x0000000705800000| Untracked 
|  45|0x0000000705a00000, 0x0000000705a00000, 0x0000000705c00000|  0%| F|  |TAMS 0x0000000705a00000, 0x0000000705a00000| Untracked 
|  46|0x0000000705c00000, 0x0000000705c00000, 0x0000000705e00000|  0%| F|  |TAMS 0x0000000705c00000, 0x0000000705c00000| Untracked 
|  47|0x0000000705e00000, 0x0000000705e00000, 0x0000000706000000|  0%| F|  |TAMS 0x0000000705e00000, 0x0000000705e00000| Untracked 
|  48|0x0000000706000000, 0x0000000706000000, 0x0000000706200000|  0%| F|  |TAMS 0x0000000706000000, 0x0000000706000000| Untracked 
|  49|0x0000000706200000, 0x0000000706200000, 0x0000000706400000|  0%| F|  |TAMS 0x0000000706200000, 0x0000000706200000| Untracked 
|  50|0x0000000706400000, 0x0000000706400000, 0x0000000706600000|  0%| F|  |TAMS 0x0000000706400000, 0x0000000706400000| Untracked 
|  51|0x0000000706600000, 0x0000000706600000, 0x0000000706800000|  0%| F|  |TAMS 0x0000000706600000, 0x0000000706600000| Untracked 
|  52|0x0000000706800000, 0x0000000706800000, 0x0000000706a00000|  0%| F|  |TAMS 0x0000000706800000, 0x0000000706800000| Untracked 
|  53|0x0000000706a00000, 0x0000000706a00000, 0x0000000706c00000|  0%| F|  |TAMS 0x0000000706a00000, 0x0000000706a00000| Untracked 
|  54|0x0000000706c00000, 0x0000000706c00000, 0x0000000706e00000|  0%| F|  |TAMS 0x0000000706c00000, 0x0000000706c00000| Untracked 
|  55|0x0000000706e00000, 0x0000000706e00000, 0x0000000707000000|  0%| F|  |TAMS 0x0000000706e00000, 0x0000000706e00000| Untracked 
|  56|0x0000000707000000, 0x0000000707000000, 0x0000000707200000|  0%| F|  |TAMS 0x0000000707000000, 0x0000000707000000| Untracked 
|  57|0x0000000707200000, 0x0000000707200000, 0x0000000707400000|  0%| F|  |TAMS 0x0000000707200000, 0x0000000707200000| Untracked 
|  58|0x0000000707400000, 0x0000000707400000, 0x0000000707600000|  0%| F|  |TAMS 0x0000000707400000, 0x0000000707400000| Untracked 
|  59|0x0000000707600000, 0x0000000707600000, 0x0000000707800000|  0%| F|  |TAMS 0x0000000707600000, 0x0000000707600000| Untracked 
|  60|0x0000000707800000, 0x0000000707800000, 0x0000000707a00000|  0%| F|  |TAMS 0x0000000707800000, 0x0000000707800000| Untracked 
|  61|0x0000000707a00000, 0x0000000707a00000, 0x0000000707c00000|  0%| F|  |TAMS 0x0000000707a00000, 0x0000000707a00000| Untracked 
|  62|0x0000000707c00000, 0x0000000707c00000, 0x0000000707e00000|  0%| F|  |TAMS 0x0000000707c00000, 0x0000000707c00000| Untracked 
|  63|0x0000000707e00000, 0x0000000707e00000, 0x0000000708000000|  0%| F|  |TAMS 0x0000000707e00000, 0x0000000707e00000| Untracked 
|  64|0x0000000708000000, 0x0000000708000000, 0x0000000708200000|  0%| F|  |TAMS 0x0000000708000000, 0x0000000708000000| Untracked 
|  65|0x0000000708200000, 0x0000000708200000, 0x0000000708400000|  0%| F|  |TAMS 0x0000000708200000, 0x0000000708200000| Untracked 
|  66|0x0000000708400000, 0x0000000708400000, 0x0000000708600000|  0%| F|  |TAMS 0x0000000708400000, 0x0000000708400000| Untracked 
|  67|0x0000000708600000, 0x0000000708600000, 0x0000000708800000|  0%| F|  |TAMS 0x0000000708600000, 0x0000000708600000| Untracked 
|  68|0x0000000708800000, 0x0000000708800000, 0x0000000708a00000|  0%| F|  |TAMS 0x0000000708800000, 0x0000000708800000| Untracked 
|  69|0x0000000708a00000, 0x0000000708a00000, 0x0000000708c00000|  0%| F|  |TAMS 0x0000000708a00000, 0x0000000708a00000| Untracked 
|  70|0x0000000708c00000, 0x0000000708c00000, 0x0000000708e00000|  0%| F|  |TAMS 0x0000000708c00000, 0x0000000708c00000| Untracked 
|  71|0x0000000708e00000, 0x0000000708e00000, 0x0000000709000000|  0%| F|  |TAMS 0x0000000708e00000, 0x0000000708e00000| Untracked 
|  72|0x0000000709000000, 0x0000000709000000, 0x0000000709200000|  0%| F|  |TAMS 0x0000000709000000, 0x0000000709000000| Untracked 
|  73|0x0000000709200000, 0x0000000709200000, 0x0000000709400000|  0%| F|  |TAMS 0x0000000709200000, 0x0000000709200000| Untracked 
|  74|0x0000000709400000, 0x0000000709400000, 0x0000000709600000|  0%| F|  |TAMS 0x0000000709400000, 0x0000000709400000| Untracked 
|  75|0x0000000709600000, 0x0000000709600000, 0x0000000709800000|  0%| F|  |TAMS 0x0000000709600000, 0x0000000709600000| Untracked 
|  76|0x0000000709800000, 0x0000000709800000, 0x0000000709a00000|  0%| F|  |TAMS 0x0000000709800000, 0x0000000709800000| Untracked 
|  77|0x0000000709a00000, 0x0000000709a00000, 0x0000000709c00000|  0%| F|  |TAMS 0x0000000709a00000, 0x0000000709a00000| Untracked 
|  78|0x0000000709c00000, 0x0000000709c00000, 0x0000000709e00000|  0%| F|  |TAMS 0x0000000709c00000, 0x0000000709c00000| Untracked 
|  79|0x0000000709e00000, 0x0000000709e00000, 0x000000070a000000|  0%| F|  |TAMS 0x0000000709e00000, 0x0000000709e00000| Untracked 
|  80|0x000000070a000000, 0x000000070a000000, 0x000000070a200000|  0%| F|  |TAMS 0x000000070a000000, 0x000000070a000000| Untracked 
|  81|0x000000070a200000, 0x000000070a200000, 0x000000070a400000|  0%| F|  |TAMS 0x000000070a200000, 0x000000070a200000| Untracked 
|  82|0x000000070a400000, 0x000000070a400000, 0x000000070a600000|  0%| F|  |TAMS 0x000000070a400000, 0x000000070a400000| Untracked 
|  83|0x000000070a600000, 0x000000070a600000, 0x000000070a800000|  0%| F|  |TAMS 0x000000070a600000, 0x000000070a600000| Untracked 
|  84|0x000000070a800000, 0x000000070a800000, 0x000000070aa00000|  0%| F|  |TAMS 0x000000070a800000, 0x000000070a800000| Untracked 
|  85|0x000000070aa00000, 0x000000070aa00000, 0x000000070ac00000|  0%| F|  |TAMS 0x000000070aa00000, 0x000000070aa00000| Untracked 
|  86|0x000000070ac00000, 0x000000070ac00000, 0x000000070ae00000|  0%| F|  |TAMS 0x000000070ac00000, 0x000000070ac00000| Untracked 
|  87|0x000000070ae00000, 0x000000070ae00000, 0x000000070b000000|  0%| F|  |TAMS 0x000000070ae00000, 0x000000070ae00000| Untracked 
|  88|0x000000070b000000, 0x000000070b000000, 0x000000070b200000|  0%| F|  |TAMS 0x000000070b000000, 0x000000070b000000| Untracked 
|  89|0x000000070b200000, 0x000000070b200000, 0x000000070b400000|  0%| F|  |TAMS 0x000000070b200000, 0x000000070b200000| Untracked 
|  90|0x000000070b400000, 0x000000070b400000, 0x000000070b600000|  0%| F|  |TAMS 0x000000070b400000, 0x000000070b400000| Untracked 
|  91|0x000000070b600000, 0x000000070b600000, 0x000000070b800000|  0%| F|  |TAMS 0x000000070b600000, 0x000000070b600000| Untracked 
|  92|0x000000070b800000, 0x000000070b800000, 0x000000070ba00000|  0%| F|  |TAMS 0x000000070b800000, 0x000000070b800000| Untracked 
|  93|0x000000070ba00000, 0x000000070ba00000, 0x000000070bc00000|  0%| F|  |TAMS 0x000000070ba00000, 0x000000070ba00000| Untracked 
|  94|0x000000070bc00000, 0x000000070bc00000, 0x000000070be00000|  0%| F|  |TAMS 0x000000070bc00000, 0x000000070bc00000| Untracked 
|  95|0x000000070be00000, 0x000000070be00000, 0x000000070c000000|  0%| F|  |TAMS 0x000000070be00000, 0x000000070be00000| Untracked 
|  96|0x000000070c000000, 0x000000070c000000, 0x000000070c200000|  0%| F|  |TAMS 0x000000070c000000, 0x000000070c000000| Untracked 
|  97|0x000000070c200000, 0x000000070c200000, 0x000000070c400000|  0%| F|  |TAMS 0x000000070c200000, 0x000000070c200000| Untracked 
|  98|0x000000070c400000, 0x000000070c400000, 0x000000070c600000|  0%| F|  |TAMS 0x000000070c400000, 0x000000070c400000| Untracked 
|  99|0x000000070c600000, 0x000000070c600000, 0x000000070c800000|  0%| F|  |TAMS 0x000000070c600000, 0x000000070c600000| Untracked 
| 100|0x000000070c800000, 0x000000070c800000, 0x000000070ca00000|  0%| F|  |TAMS 0x000000070c800000, 0x000000070c800000| Untracked 
| 101|0x000000070ca00000, 0x000000070ca00000, 0x000000070cc00000|  0%| F|  |TAMS 0x000000070ca00000, 0x000000070ca00000| Untracked 
| 102|0x000000070cc00000, 0x000000070cc00000, 0x000000070ce00000|  0%| F|  |TAMS 0x000000070cc00000, 0x000000070cc00000| Untracked 
| 103|0x000000070ce00000, 0x000000070ce00000, 0x000000070d000000|  0%| F|  |TAMS 0x000000070ce00000, 0x000000070ce00000| Untracked 
| 104|0x000000070d000000, 0x000000070d000000, 0x000000070d200000|  0%| F|  |TAMS 0x000000070d000000, 0x000000070d000000| Untracked 
| 105|0x000000070d200000, 0x000000070d200000, 0x000000070d400000|  0%| F|  |TAMS 0x000000070d200000, 0x000000070d200000| Untracked 
| 106|0x000000070d400000, 0x000000070d400000, 0x000000070d600000|  0%| F|  |TAMS 0x000000070d400000, 0x000000070d400000| Untracked 
| 107|0x000000070d600000, 0x000000070d600000, 0x000000070d800000|  0%| F|  |TAMS 0x000000070d600000, 0x000000070d600000| Untracked 
| 108|0x000000070d800000, 0x000000070d800000, 0x000000070da00000|  0%| F|  |TAMS 0x000000070d800000, 0x000000070d800000| Untracked 
| 109|0x000000070da00000, 0x000000070da00000, 0x000000070dc00000|  0%| F|  |TAMS 0x000000070da00000, 0x000000070da00000| Untracked 
| 110|0x000000070dc00000, 0x000000070dc00000, 0x000000070de00000|  0%| F|  |TAMS 0x000000070dc00000, 0x000000070dc00000| Untracked 
| 111|0x000000070de00000, 0x000000070de00000, 0x000000070e000000|  0%| F|  |TAMS 0x000000070de00000, 0x000000070de00000| Untracked 
| 112|0x000000070e000000, 0x000000070e000000, 0x000000070e200000|  0%| F|  |TAMS 0x000000070e000000, 0x000000070e000000| Untracked 
| 113|0x000000070e200000, 0x000000070e200000, 0x000000070e400000|  0%| F|  |TAMS 0x000000070e200000, 0x000000070e200000| Untracked 
| 114|0x000000070e400000, 0x000000070e400000, 0x000000070e600000|  0%| F|  |TAMS 0x000000070e400000, 0x000000070e400000| Untracked 
| 115|0x000000070e600000, 0x000000070e600000, 0x000000070e800000|  0%| F|  |TAMS 0x000000070e600000, 0x000000070e600000| Untracked 
| 116|0x000000070e800000, 0x000000070e800000, 0x000000070ea00000|  0%| F|  |TAMS 0x000000070e800000, 0x000000070e800000| Untracked 
| 117|0x000000070ea00000, 0x000000070ea00000, 0x000000070ec00000|  0%| F|  |TAMS 0x000000070ea00000, 0x000000070ea00000| Untracked 
| 118|0x000000070ec00000, 0x000000070ec00000, 0x000000070ee00000|  0%| F|  |TAMS 0x000000070ec00000, 0x000000070ec00000| Untracked 
| 119|0x000000070ee00000, 0x000000070ee00000, 0x000000070f000000|  0%| F|  |TAMS 0x000000070ee00000, 0x000000070ee00000| Untracked 
| 120|0x000000070f000000, 0x000000070f000000, 0x000000070f200000|  0%| F|  |TAMS 0x000000070f000000, 0x000000070f000000| Untracked 
| 121|0x000000070f200000, 0x000000070f200000, 0x000000070f400000|  0%| F|  |TAMS 0x000000070f200000, 0x000000070f200000| Untracked 
| 122|0x000000070f400000, 0x000000070f600000, 0x000000070f600000|100%| E|  |TAMS 0x000000070f400000, 0x000000070f400000| Complete 
| 123|0x000000070f600000, 0x000000070f800000, 0x000000070f800000|100%| E|CS|TAMS 0x000000070f600000, 0x000000070f600000| Complete 
| 124|0x000000070f800000, 0x000000070fa00000, 0x000000070fa00000|100%| E|CS|TAMS 0x000000070f800000, 0x000000070f800000| Complete 
| 125|0x000000070fa00000, 0x000000070fc00000, 0x000000070fc00000|100%| E|CS|TAMS 0x000000070fa00000, 0x000000070fa00000| Complete 
| 126|0x000000070fc00000, 0x000000070fe00000, 0x000000070fe00000|100%| E|CS|TAMS 0x000000070fc00000, 0x000000070fc00000| Complete 
| 127|0x000000070fe00000, 0x0000000710000000, 0x0000000710000000|100%| E|CS|TAMS 0x000000070fe00000, 0x000000070fe00000| Complete 
|2046|0x00000007ffc00000, 0x00000007ffd75000, 0x00000007ffe00000| 72%|OA|  |TAMS 0x00000007ffc00000, 0x00000007ffc00000| Untracked 
|2047|0x00000007ffe00000, 0x00000007ffe7f000, 0x0000000800000000| 24%|CA|  |TAMS 0x00000007ffe00000, 0x00000007ffe00000| Untracked 

Card table byte_map: [0x0000000123276000,0x0000000123a76000] _byte_map_base: 0x000000011fa76000

Marking Bits (Prev, Next): (CMBitMap*) 0x00007fb31a80d610, (CMBitMap*) 0x00007fb31a80d650
 Prev Bits: [0x0000000124276000, 0x0000000128276000)
 Next Bits: [0x0000000128276000, 0x000000012c276000)

Polling page: 0x0000000100c8c000

Metaspace:

Usage:
  Non-class:      2.86 MB used.
      Class:    367.09 KB used.
       Both:      3.22 MB used.

Virtual space:
  Non-class space:        8.00 MB reserved,       3.00 MB ( 38%) committed,  1 nodes.
      Class space:        1.00 GB reserved,     448.00 KB ( <1%) committed,  1 nodes.
             Both:        1.01 GB reserved,       3.44 MB ( <1%) committed. 

Chunk freelists:
   Non-Class:  2.86 MB
       Class:  3.55 MB
        Both:  6.41 MB

MaxMetaspaceSize: unlimited
CompressedClassSpaceSize: 1.00 GB
Initial GC threshold: 21.00 MB
Current GC threshold: 21.00 MB
CDS: on
MetaspaceReclaimPolicy: balanced
 - commit_granule_bytes: 65536.
 - commit_granule_words: 8192.
 - virtual_space_node_default_size: 1048576.
 - enlarge_chunks_in_place: 1.
 - new_chunks_are_fully_committed: 0.
 - uncommit_free_chunks: 1.
 - use_allocation_guard: 0.
 - handle_deallocations: 1.


Internal statistics:

num_allocs_failed_limit: 0.
num_arena_births: 76.
num_arena_deaths: 0.
num_vsnodes_births: 2.
num_vsnodes_deaths: 0.
num_space_committed: 55.
num_space_uncommitted: 0.
num_chunks_returned_to_freelist: 0.
num_chunks_taken_from_freelist: 158.
num_chunk_merges: 0.
num_chunk_splits: 96.
num_chunks_enlarged: 62.
num_purges: 0.
num_inconsistent_stats: 0.

CodeHeap 'non-profiled nmethods': size=120028Kb used=224Kb max_used=224Kb free=119803Kb
 bounds [0x000000011bd3f000, 0x000000011bfaf000, 0x0000000123276000]
CodeHeap 'profiled nmethods': size=120028Kb used=1077Kb max_used=1077Kb free=118950Kb
 bounds [0x0000000114808000, 0x0000000114a78000, 0x000000011bd3f000]
CodeHeap 'non-nmethods': size=5704Kb used=1174Kb max_used=1189Kb free=4530Kb
 bounds [0x0000000114276000, 0x00000001144e6000, 0x0000000114808000]
 total_blobs=1172 nmethods=696 adapters=391
 compilation: enabled
              stopped_count=0, restarted_count=0
 full_count=0

Compilation events (20 events):
Event: 0.482 Thread 0x00007fb31c00da00  685       3       sun.security.provider.DigestBase::implCompressMultiBlock0 (23 bytes)
Event: 0.482 Thread 0x00007fb31c00d400 nmethod 683 0x000000011bd75310 code [0x000000011bd754a0, 0x000000011bd75598]
Event: 0.482 Thread 0x00007fb31c00d400  684       4       sun.security.provider.MD5::implCompress0 (1407 bytes)
Event: 0.482 Thread 0x00007fb31c00da00 nmethod 685 0x0000000114911590 code [0x0000000114911740, 0x00000001149119e0]
Event: 0.485 Thread 0x00007fb31c00da00  686       3       java.io.FilterInputStream::read (9 bytes)
Event: 0.485 Thread 0x00007fb31c00da00 nmethod 686 0x0000000114911b10 code [0x0000000114911cc0, 0x0000000114911ea0]
Event: 0.486 Thread 0x00007fb31c00da00  687       1       java.lang.invoke.InfoFromMemberName::getReferenceKind (5 bytes)
Event: 0.486 Thread 0x00007fb31c00da00 nmethod 687 0x000000011bd75690 code [0x000000011bd75820, 0x000000011bd758f0]
Event: 0.488 Thread 0x00007fb31c00da00  690       3       jdk.internal.org.objectweb.asm.Label::resolve (219 bytes)
Event: 0.489 Thread 0x00007fb31c00da00 nmethod 690 0x0000000114911f90 code [0x0000000114912180, 0x00000001149126b0]
Event: 0.489 Thread 0x00007fb31c00da00  691       3       jdk.internal.org.objectweb.asm.ByteVector::putByteArray (49 bytes)
Event: 0.489 Thread 0x00007fb31c00da00 nmethod 691 0x0000000114912990 code [0x0000000114912b40, 0x0000000114912e10]
Event: 0.494 Thread 0x00007fb31c00d400 nmethod 684 0x000000011bd76090 code [0x000000011bd76220, 0x000000011bd76f18]
Event: 0.537 Thread 0x00007fb31c00da00  692   !   3       java.util.zip.ZipFile$Source::readFullyAt (74 bytes)
Event: 0.538 Thread 0x00007fb31c00da00 nmethod 692 0x0000000114912f10 code [0x0000000114913120, 0x0000000114913700]
Event: 0.538 Thread 0x00007fb31c00da00  693       3       sun.invoke.util.BytecodeDescriptor::unparseSig (49 bytes)
Event: 0.538 Thread 0x00007fb31c00da00 nmethod 693 0x0000000114913b10 code [0x0000000114913d40, 0x0000000114914260]
Event: 0.604 Thread 0x00007fb31c00da00  694       3       java.lang.ref.SoftReference::get (29 bytes)
Event: 0.604 Thread 0x00007fb31c00da00 nmethod 694 0x0000000114914490 code [0x0000000114914640, 0x0000000114914810]
Event: 0.607 Thread 0x00007fb31c00da00  696       3       jdk.internal.org.objectweb.asm.Handler::getExceptionTableSize (10 bytes)

GC Heap History (0 events):
No events

Deoptimization events (20 events):
Event: 0.224 Thread 0x00007fb31a80de00 Uncommon trap: trap_request=0xffffffe5 fr.pc=0x000000011bd4f534 relative=0x0000000000000114
Event: 0.224 Thread 0x00007fb31a80de00 Uncommon trap: reason=range_check action=reinterpret pc=0x000000011bd4f534 method=java.lang.StringLatin1.indexOf([BII)I @ 13 c2
Event: 0.224 Thread 0x00007fb31a80de00 DEOPT PACKING pc=0x000000011bd4f534 sp=0x0000000305e042c0
Event: 0.224 Thread 0x00007fb31a80de00 DEOPT UNPACKING pc=0x00000001142c8093 sp=0x0000000305e04270 mode 2
Event: 0.224 Thread 0x00007fb31a80de00 Uncommon trap: trap_request=0xffffff45 fr.pc=0x000000011bd4f04c relative=0x000000000000032c
Event: 0.224 Thread 0x00007fb31a80de00 Uncommon trap: reason=unstable_if action=reinterpret pc=0x000000011bd4f04c method=java.lang.StringLatin1.newString([BII)Ljava/lang/String; @ 1 c2
Event: 0.224 Thread 0x00007fb31a80de00 DEOPT PACKING pc=0x000000011bd4f04c sp=0x0000000305e04290
Event: 0.224 Thread 0x00007fb31a80de00 DEOPT UNPACKING pc=0x00000001142c8093 sp=0x0000000305e04270 mode 2
Event: 0.234 Thread 0x00007fb31a80de00 Uncommon trap: trap_request=0xfffffff4 fr.pc=0x000000011bd48cb8 relative=0x0000000000000198
Event: 0.234 Thread 0x00007fb31a80de00 Uncommon trap: reason=null_check action=make_not_entrant pc=0x000000011bd48cb8 method=java.lang.String.equals(Ljava/lang/Object;)Z @ 8 c2
Event: 0.234 Thread 0x00007fb31a80de00 DEOPT PACKING pc=0x000000011bd48cb8 sp=0x0000000305e03670
Event: 0.234 Thread 0x00007fb31a80de00 DEOPT UNPACKING pc=0x00000001142c8093 sp=0x0000000305e03638 mode 2
Event: 0.300 Thread 0x00007fb31a80de00 DEOPT PACKING pc=0x0000000114881f5a sp=0x0000000305e002a0
Event: 0.300 Thread 0x00007fb31a80de00 DEOPT UNPACKING pc=0x00000001142c8810 sp=0x0000000305dff6e0 mode 0
Event: 0.301 Thread 0x00007fb31a80de00 DEOPT PACKING pc=0x000000011483824b sp=0x0000000305e000a0
Event: 0.301 Thread 0x00007fb31a80de00 DEOPT UNPACKING pc=0x00000001142c8810 sp=0x0000000305dff520 mode 0
Event: 0.380 Thread 0x00007fb31c129600 Uncommon trap: trap_request=0xffffff45 fr.pc=0x000000011bd4bb90 relative=0x0000000000000650
Event: 0.380 Thread 0x00007fb31c129600 Uncommon trap: reason=unstable_if action=reinterpret pc=0x000000011bd4bb90 method=jdk.internal.module.Checks.isJavaIdentifier(Ljava/lang/String;)Z @ 4 c2
Event: 0.380 Thread 0x00007fb31c129600 DEOPT PACKING pc=0x000000011bd4bb90 sp=0x000000030724bd90
Event: 0.380 Thread 0x00007fb31c129600 DEOPT UNPACKING pc=0x00000001142c8093 sp=0x000000030724bd50 mode 2

Classes unloaded (0 events):
No events

Classes redefined (0 events):
No events

Internal exceptions (9 events):
Event: 0.192 Thread 0x00007fb31a80de00 Exception <a 'java/lang/NoSuchMethodError'{0x000000070fd68820}: 'void java.lang.invoke.DirectMethodHandle$Holder.invokeVirtual(java.lang.Object, java.lang.Object)'> (0x000000070fd68820) 
thrown [open/src/hotspot/share/interpreter/linkResolver.cpp, line 766]
Event: 0.234 Thread 0x00007fb31a80de00 Implicit null exception at 0x000000011bd48b55 to 0x000000011bd48ca8
Event: 0.257 Thread 0x00007fb30a839600 Exception <a 'java/lang/NoSuchMethodError'{0x000000070fa74068}: 'java.lang.Object java.lang.invoke.DirectMethodHandle$Holder.invokeStaticInit(java.lang.Object)'> (0x000000070fa74068) 
thrown [open/src/hotspot/share/interpreter/linkResolver.cpp, line 766]
Event: 0.264 Thread 0x00007fb30a839600 Exception <a 'java/lang/ClassNotFoundException'{0x000000070fa7f018}: jdk/net/ExtendedSocketOptions> (0x000000070fa7f018) 
thrown [open/src/hotspot/share/classfile/systemDictionary.cpp, line 256]
Event: 0.266 Thread 0x00007fb30a839600 Exception <a 'java/lang/NoSuchMethodError'{0x000000070fa80870}: 'void java.lang.invoke.DirectMethodHandle$Holder.invokeStatic(java.lang.Object, java.lang.Object)'> (0x000000070fa80870) 
thrown [open/src/hotspot/share/interpreter/linkResolver.cpp, line 766]
Event: 0.267 Thread 0x00007fb31a80de00 Exception <a 'java/lang/NoSuchMethodError'{0x000000070fb24488}: 'void java.lang.invoke.DirectMethodHandle$Holder.invokeStatic(java.lang.Object, java.lang.Object)'> (0x000000070fb24488) 
thrown [open/src/hotspot/share/interpreter/linkResolver.cpp, line 766]
Event: 0.326 Thread 0x00007fb31a80de00 Exception <a 'java/lang/NoSuchMethodError'{0x000000070f9b76a8}: 'void java.lang.invoke.DirectMethodHandle$Holder.invokeSpecial(java.lang.Object, java.lang.Object, java.lang.Object)'> (0x000000070f9b76a8) 
thrown [open/src/hotspot/share/interpreter/linkResolver.cpp, line 766]
Event: 0.337 Thread 0x00007fb31a80de00 Exception <a 'java/lang/NoSuchMethodError'{0x000000070f9f3ac0}: 'void java.lang.invoke.DirectMethodHandle$Holder.invokeStatic(java.lang.Object, java.lang.Object, java.lang.Object)'> (0x000000070f9f3ac0) 
thrown [open/src/hotspot/share/interpreter/linkResolver.cpp, line 766]
Event: 0.466 Thread 0x00007fb31a80de00 Exception <a 'java/lang/NoSuchMethodError'{0x000000070f7d7288}: 'int java.lang.invoke.DirectMethodHandle$Holder.invokeStaticInit(java.lang.Object, java.lang.Object, java.lang.Object)'> (0x000000070f7d7288) 
thrown [open/src/hotspot/share/interpreter/linkResolver.cpp, line 766]

VM Operations (6 events):
Event: 0.208 Executing VM operation: HandshakeAllThreads
Event: 0.208 Executing VM operation: HandshakeAllThreads done
Event: 0.208 Executing VM operation: HandshakeAllThreads
Event: 0.208 Executing VM operation: HandshakeAllThreads done
Event: 0.246 Executing VM operation: HandshakeAllThreads
Event: 0.246 Executing VM operation: HandshakeAllThreads done

Events (20 events):
Event: 0.422 Loaded shared library /Users/huybensdries/.openjfx/cache/17.0.1/libprism_es2.dylib
Event: 0.465 loading class java/util/concurrent/locks/AbstractQueuedSynchronizer$ConditionNode
Event: 0.465 loading class java/util/concurrent/ForkJoinPool$ManagedBlocker
Event: 0.465 loading class java/util/concurrent/ForkJoinPool$ManagedBlocker done
Event: 0.465 loading class java/util/concurrent/locks/AbstractQueuedSynchronizer$ConditionNode done
Event: 0.486 Loaded shared library /Users/huybensdries/.openjfx/cache/17.0.1/libglass.dylib
Event: 0.487 loading class java/util/concurrent/BlockingDeque
Event: 0.487 loading class java/util/concurrent/BlockingDeque done
Event: 0.487 loading class java/util/concurrent/LinkedBlockingDeque
Event: 0.488 loading class java/util/concurrent/LinkedBlockingDeque done
Event: 0.488 Thread 0x00007fb31c0e8000 Thread added: 0x00007fb31c0e8000
Event: 0.488 Protecting memory [0x00000003072d7000,0x00000003072db000] with protection modes 0
Event: 0.489 Protecting memory [0x0000000305482000,0x0000000305486000] with protection modes 0
Event: 0.489 Thread 0x00007fb31c010a00 Thread added: 0x00007fb31c010a00
Event: 0.537 Thread 0x00007fb30a8bc600 Thread added: 0x00007fb30a8bc600
Event: 0.537 Protecting memory [0x00000003073da000,0x00000003073de000] with protection modes 0
Event: 0.604 loading class java/util/concurrent/LinkedBlockingDeque$Node
Event: 0.604 loading class java/util/concurrent/LinkedBlockingDeque$Node done
Event: 0.604 Protecting memory [0x00000003073da000,0x00000003073de000] with protection modes 3
Event: 0.604 Thread 0x00007fb30a8bc600 Thread exited: 0x00007fb30a8bc600


Dynamic libraries:
0x00000001092bf000 	/Users/huybensdries/Library/Java/JavaVirtualMachines/openjdk-17/Contents/Home/lib/libjli.dylib
0x00007ff81c2ef000 	/usr/lib/libz.1.dylib
0x00007ff81c3d5000 	/usr/lib/libSystem.B.dylib
0x00007ff81c3d0000 	/usr/lib/system/libcache.dylib
0x00007ff81c38c000 	/usr/lib/system/libcommonCrypto.dylib
0x00007ff81c3b5000 	/usr/lib/system/libcompiler_rt.dylib
0x00007ff81c3ab000 	/usr/lib/system/libcopyfile.dylib
0x00007ff810f8d000 	/usr/lib/system/libcorecrypto.dylib
0x00007ff81104b000 	/usr/lib/system/libdispatch.dylib
0x00007ff81120b000 	/usr/lib/system/libdyld.dylib
0x00007ff81c3c7000 	/usr/lib/system/libkeymgr.dylib
0x00007ff81c36a000 	/usr/lib/system/libmacho.dylib
0x00007ff81b9e3000 	/usr/lib/system/libquarantine.dylib
0x00007ff81c3c5000 	/usr/lib/system/libremovefile.dylib
0x00007ff8160bc000 	/usr/lib/system/libsystem_asl.dylib
0x00007ff810f36000 	/usr/lib/system/libsystem_blocks.dylib
0x00007ff8110cf000 	/usr/lib/system/libsystem_c.dylib
0x00007ff81c3bd000 	/usr/lib/system/libsystem_collections.dylib
0x00007ff81ad0e000 	/usr/lib/system/libsystem_configuration.dylib
0x00007ff819fba000 	/usr/lib/system/libsystem_containermanager.dylib
0x00007ff81c09d000 	/usr/lib/system/libsystem_coreservices.dylib
0x00007ff813765000 	/usr/lib/system/libsystem_darwin.dylib
0x00007ff81c3c8000 	/usr/lib/system/libsystem_dnssd.dylib
0x00007ff8110cc000 	/usr/lib/system/libsystem_featureflags.dylib
0x00007ff811221000 	/usr/lib/system/libsystem_info.dylib
0x00007ff81c302000 	/usr/lib/system/libsystem_m.dylib
0x00007ff81101f000 	/usr/lib/system/libsystem_malloc.dylib
0x00007ff816057000 	/usr/lib/system/libsystem_networkextension.dylib
0x00007ff813b8b000 	/usr/lib/system/libsystem_notify.dylib
0x00007ff8226f1000 	/usr/lib/system/libsystem_product_info_filter.dylib
0x00007ff81ad12000 	/usr/lib/system/libsystem_sandbox.dylib
0x00007ff81c3c2000 	/usr/lib/system/libsystem_secinit.dylib
0x00007ff8111c7000 	/usr/lib/system/libsystem_kernel.dylib
0x00007ff811217000 	/usr/lib/system/libsystem_platform.dylib
0x00007ff8111ff000 	/usr/lib/system/libsystem_pthread.dylib
0x00007ff817974000 	/usr/lib/system/libsystem_symptoms.dylib
0x00007ff810f74000 	/usr/lib/system/libsystem_trace.dylib
0x00007ff81c398000 	/usr/lib/system/libunwind.dylib
0x00007ff810f38000 	/usr/lib/system/libxpc.dylib
0x00007ff8111b1000 	/usr/lib/libc++abi.dylib
0x00007ff811092000 	/usr/lib/libobjc.A.dylib
0x00007ff81c3a3000 	/usr/lib/liboah.dylib
0x00007ff811158000 	/usr/lib/libc++.1.dylib
0x00007ff8284ee000 	/System/Library/Frameworks/Cocoa.framework/Versions/A/Cocoa
0x00007ff813be9000 	/System/Library/Frameworks/AppKit.framework/Versions/C/AppKit
0x00007ff817153000 	/System/Library/Frameworks/CoreData.framework/Versions/A/CoreData
0x00007ff811ff5000 	/System/Library/Frameworks/Foundation.framework/Versions/C/Foundation
0x00007ff814a77000 	/System/Library/PrivateFrameworks/UIFoundation.framework/Versions/A/UIFoundation
0x00007ff8223f4000 	/System/Library/PrivateFrameworks/RemoteViewServices.framework/Versions/A/RemoteViewServices
0x00007ff81a698000 	/System/Library/PrivateFrameworks/XCTTargetBootstrap.framework/Versions/A/XCTTargetBootstrap
0x00007ff81e29a000 	/System/Library/PrivateFrameworks/InternationalSupport.framework/Versions/A/InternationalSupport
0x00007ff81e324000 	/System/Library/PrivateFrameworks/UserActivity.framework/Versions/A/UserActivity
0x00007ff81d67e000 	/usr/lib/libspindump.dylib
0x00007ff814d05000 	/System/Library/Frameworks/UniformTypeIdentifiers.framework/Versions/A/UniformTypeIdentifiers
0x00007ff818dc1000 	/usr/lib/libapp_launch_measurement.dylib
0x00007ff817b34000 	/System/Library/PrivateFrameworks/CoreAnalytics.framework/Versions/A/CoreAnalytics
0x00007ff818dc4000 	/System/Library/PrivateFrameworks/CoreAutoLayout.framework/Versions/A/CoreAutoLayout
0x00007ff819ff2000 	/System/Library/Frameworks/Metal.framework/Versions/A/Metal
0x00007ff81ad1e000 	/usr/lib/liblangid.dylib
0x00007ff81a69d000 	/System/Library/PrivateFrameworks/CoreSVG.framework/Versions/A/CoreSVG
0x00007ff8160ec000 	/System/Library/PrivateFrameworks/SkyLight.framework/Versions/A/SkyLight
0x00007ff81648a000 	/System/Library/Frameworks/CoreGraphics.framework/Versions/A/CoreGraphics
0x00007ff822ab4000 	/System/Library/Frameworks/Accelerate.framework/Versions/A/Accelerate
0x00007ff81d0fd000 	/System/Library/PrivateFrameworks/IconServices.framework/Versions/A/IconServices
0x00007ff819fd7000 	/System/Library/Frameworks/IOSurface.framework/Versions/A/IOSurface
0x00007ff817b62000 	/usr/lib/libDiagnosticMessagesClient.dylib
0x00007ff826197000 	/System/Library/Frameworks/ApplicationServices.framework/Versions/A/ApplicationServices
0x00007ff81a684000 	/System/Library/PrivateFrameworks/DFRFoundation.framework/Versions/A/DFRFoundation
0x00007ff8134d1000 	/usr/lib/libicucore.A.dylib
0x00007ff81f08f000 	/System/Library/Frameworks/AudioToolbox.framework/Versions/A/AudioToolbox
0x00007ff81e2a6000 	/System/Library/PrivateFrameworks/DataDetectorsCore.framework/Versions/A/DataDetectorsCore
0x00007ff91a278000 	/System/Library/PrivateFrameworks/TextInput.framework/Versions/A/TextInput
0x00007ff81606f000 	/usr/lib/libMobileGestalt.dylib
0x00007ff81a390000 	/System/Library/Frameworks/Carbon.framework/Versions/A/Frameworks/HIToolbox.framework/Versions/A/HIToolbox
0x00007ff8187c7000 	/System/Library/Frameworks/QuartzCore.framework/Versions/A/QuartzCore
0x00007ff813178000 	/System/Library/Frameworks/Security.framework/Versions/A/Security
0x00007ff82242c000 	/System/Library/Frameworks/Carbon.framework/Versions/A/Frameworks/SpeechRecognition.framework/Versions/A/SpeechRecognition
0x00007ff818b21000 	/System/Library/PrivateFrameworks/CoreUI.framework/Versions/A/CoreUI
0x00007ff812a44000 	/System/Library/Frameworks/CoreAudio.framework/Versions/A/CoreAudio
0x00007ff817c51000 	/System/Library/Frameworks/DiskArbitration.framework/Versions/A/DiskArbitration
0x00007ff81da6a000 	/System/Library/PrivateFrameworks/MultitouchSupport.framework/Versions/A/MultitouchSupport
0x00007ff81606e000 	/usr/lib/libenergytrace.dylib
0x00007ff813ad5000 	/System/Library/Frameworks/IOKit.framework/Versions/A/IOKit
0x00007ff82281c000 	/System/Library/Frameworks/CoreServices.framework/Versions/A/CoreServices
0x00007ff818d5b000 	/System/Library/PrivateFrameworks/PerformanceAnalysis.framework/Versions/A/PerformanceAnalysis
0x00007ffa29684000 	/System/Library/Frameworks/OpenGL.framework/Versions/A/OpenGL
0x00007ff81b909000 	/System/Library/PrivateFrameworks/MobileKeyBag.framework/Versions/A/MobileKeyBag
0x00007ff816bb4000 	/System/Library/Frameworks/ColorSync.framework/Versions/A/ColorSync
0x00007ff81124c000 	/System/Library/Frameworks/CoreFoundation.framework/Versions/A/CoreFoundation
0x00007ff81a914000 	/System/Library/Frameworks/CoreImage.framework/Versions/A/CoreImage
0x00007ff81285c000 	/System/Library/Frameworks/CoreText.framework/Versions/A/CoreText
0x00007ff81a6cd000 	/System/Library/Frameworks/ImageIO.framework/Versions/A/ImageIO
0x00007ff81c3db000 	/System/Library/PrivateFrameworks/SoftLinking.framework/Versions/A/SoftLinking
0x00007ff818e0c000 	/usr/lib/libxml2.2.dylib
0x00007ff81c65c000 	/usr/lib/libcompression.dylib
0x00007ff81e1cd000 	/System/Library/PrivateFrameworks/TextureIO.framework/Versions/A/TextureIO
0x00007ff81cd76000 	/usr/lib/libate.dylib
0x00007ff81cb34000 	/usr/lib/liblzma.5.dylib
0x00007ff811d08000 	/System/Library/Frameworks/SystemConfiguration.framework/Versions/A/SystemConfiguration
0x00007ff81c3d7000 	/usr/lib/libfakelink.dylib
0x00007ff815bc8000 	/System/Library/Frameworks/CFNetwork.framework/Versions/A/CFNetwork
0x00007ff81c518000 	/usr/lib/libarchive.2.dylib
0x00007ff81ad1a000 	/System/Library/PrivateFrameworks/AppleSystemInfo.framework/Versions/A/AppleSystemInfo
0x00007ff81ba0a000 	/usr/lib/libbsm.0.dylib
0x00007ff8151db000 	/usr/lib/libnetwork.dylib
0x00007ff81c370000 	/usr/lib/system/libkxld.dylib
0x00007ff81b636000 	/System/Library/PrivateFrameworks/IOMobileFramebuffer.framework/Versions/A/IOMobileFramebuffer
0x00007ffb28d6d000 	/usr/lib/libCoreEntitlements.dylib
0x00007ff81c07f000 	/System/Library/PrivateFrameworks/AppleFSCompression.framework/Versions/A/AppleFSCompression
0x00007ff81b9f2000 	/usr/lib/libcoretls.dylib
0x00007ff81cb4e000 	/usr/lib/libcoretls_cfhelpers.dylib
0x00007ff81c657000 	/usr/lib/libpam.2.dylib
0x00007ff817597000 	/usr/lib/libsqlite3.dylib
0x00007ff81cbbd000 	/usr/lib/libxar.1.dylib
0x00007ff81c08f000 	/usr/lib/libbz2.1.0.dylib
0x00007ff81c3dc000 	/usr/lib/libpcap.A.dylib
0x00007ff81796c000 	/usr/lib/libdns_services.dylib
0x00007ff81c62a000 	/usr/lib/libapple_nghttp2.dylib
0x00007ff81c416000 	/usr/lib/libiconv.2.dylib
0x00007ff81c369000 	/usr/lib/libcharset.1.dylib
0x00007ff818d8f000 	/System/Library/Frameworks/CoreServices.framework/Versions/A/Frameworks/FSEvents.framework/Versions/A/FSEvents
0x00007ff81376f000 	/System/Library/Frameworks/CoreServices.framework/Versions/A/Frameworks/CarbonCore.framework/Versions/A/CarbonCore
0x00007ff817bb5000 	/System/Library/Frameworks/CoreServices.framework/Versions/A/Frameworks/Metadata.framework/Versions/A/Metadata
0x00007ff81c0a2000 	/System/Library/Frameworks/CoreServices.framework/Versions/A/Frameworks/OSServices.framework/Versions/A/OSServices
0x00007ff81c59f000 	/System/Library/Frameworks/CoreServices.framework/Versions/A/Frameworks/SearchKit.framework/Versions/A/SearchKit
0x00007ff8178ff000 	/System/Library/Frameworks/CoreServices.framework/Versions/A/Frameworks/AE.framework/Versions/A/AE
0x00007ff81174d000 	/System/Library/Frameworks/CoreServices.framework/Versions/A/Frameworks/LaunchServices.framework/Versions/A/LaunchServices
0x00007ff81cae5000 	/System/Library/Frameworks/CoreServices.framework/Versions/A/Frameworks/DictionaryServices.framework/Versions/A/DictionaryServices
0x00007ff818d9c000 	/System/Library/Frameworks/CoreServices.framework/Versions/A/Frameworks/SharedFileList.framework/Versions/A/SharedFileList
0x00007ff81b9e6000 	/usr/lib/libCheckFix.dylib
0x00007ff8160d3000 	/System/Library/PrivateFrameworks/TCC.framework/Versions/A/TCC
0x00007ff81ad20000 	/System/Library/PrivateFrameworks/CoreNLP.framework/Versions/A/CoreNLP
0x00007ff817b65000 	/System/Library/PrivateFrameworks/MetadataUtilities.framework/Versions/A/MetadataUtilities
0x00007ff811db8000 	/usr/lib/libmecabra.dylib
0x00007ff81ba1a000 	/usr/lib/libmecab.dylib
0x00007ff811d83000 	/usr/lib/libCRFSuite.dylib
0x00007ff81ba74000 	/usr/lib/libgermantok.dylib
0x00007ff81c605000 	/usr/lib/libThaiTokenizer.dylib
0x00007ff817c58000 	/System/Library/Frameworks/Accelerate.framework/Versions/A/Frameworks/vImage.framework/Versions/A/vImage
0x00007ff8227f3000 	/System/Library/Frameworks/Accelerate.framework/Versions/A/Frameworks/vecLib.framework/Versions/A/vecLib
0x00007ff81cbfe000 	/System/Library/Frameworks/Accelerate.framework/Versions/A/Frameworks/vecLib.framework/Versions/A/libvMisc.dylib
0x00007ff81b435000 	/System/Library/Frameworks/Accelerate.framework/Versions/A/Frameworks/vecLib.framework/Versions/A/libvDSP.dylib
0x00007ff811ac7000 	/System/Library/Frameworks/Accelerate.framework/Versions/A/Frameworks/vecLib.framework/Versions/A/libBLAS.dylib
0x00007ff81c73a000 	/System/Library/Frameworks/Accelerate.framework/Versions/A/Frameworks/vecLib.framework/Versions/A/libLAPACK.dylib
0x00007ff81ba77000 	/System/Library/Frameworks/Accelerate.framework/Versions/A/Frameworks/vecLib.framework/Versions/A/libLinearAlgebra.dylib
0x00007ff81c642000 	/System/Library/Frameworks/Accelerate.framework/Versions/A/Frameworks/vecLib.framework/Versions/A/libSparseBLAS.dylib
0x00007ff81c734000 	/System/Library/Frameworks/Accelerate.framework/Versions/A/Frameworks/vecLib.framework/Versions/A/libQuadrature.dylib
0x00007ff81ae0b000 	/System/Library/Frameworks/Accelerate.framework/Versions/A/Frameworks/vecLib.framework/Versions/A/libBNNS.dylib
0x00007ff811c99000 	/System/Library/Frameworks/Accelerate.framework/Versions/A/Frameworks/vecLib.framework/Versions/A/libSparse.dylib
0x00007ff81ae04000 	/System/Library/PrivateFrameworks/LinguisticData.framework/Versions/A/LinguisticData
0x00007ff811c4f000 	/System/Library/PrivateFrameworks/Lexicon.framework/Versions/A/Lexicon
0x00007ff81cbf7000 	/usr/lib/libChineseTokenizer.dylib
0x00007ff8123b1000 	/System/Library/PrivateFrameworks/LanguageModeling.framework/Versions/A/LanguageModeling
0x00007ff81c607000 	/System/Library/PrivateFrameworks/AppleSauce.framework/Versions/A/AppleSauce
0x00007ff81b624000 	/System/Library/PrivateFrameworks/CoreEmoji.framework/Versions/A/CoreEmoji
0x00007ff81c507000 	/usr/lib/libcmph.dylib
0x00007ff818d73000 	/System/Library/Frameworks/OpenDirectory.framework/Versions/A/Frameworks/CFOpenDirectory.framework/Versions/A/CFOpenDirectory
0x00007ff818d67000 	/System/Library/Frameworks/OpenDirectory.framework/Versions/A/OpenDirectory
0x00007ff81cb50000 	/System/Library/PrivateFrameworks/APFS.framework/Versions/A/APFS
0x00007ff81b941000 	/System/Library/Frameworks/SecurityFoundation.framework/Versions/A/SecurityFoundation
0x00007ff81cbcb000 	/usr/lib/libutil.dylib
0x00007ff813a99000 	/System/Library/PrivateFrameworks/CoreServicesStore.framework/Versions/A/CoreServicesStore
0x00007ff81cbcf000 	/usr/lib/libxslt.1.dylib
0x00007ff81b9ce000 	/System/Library/PrivateFrameworks/BackgroundTaskManagement.framework/Versions/A/BackgroundTaskManagement
0x00007ff81e0ee000 	/System/Library/Frameworks/ImageIO.framework/Versions/A/Resources/libRadiance.dylib
0x00007ff81e0f7000 	/System/Library/Frameworks/ImageIO.framework/Versions/A/Resources/libJPEG.dylib
0x00007ff81e049000 	/System/Library/Frameworks/ImageIO.framework/Versions/A/Resources/libPng.dylib
0x00007ff81e06a000 	/System/Library/Frameworks/ImageIO.framework/Versions/A/Resources/libTIFF.dylib
0x00007ff81e156000 	/System/Library/Frameworks/ImageIO.framework/Versions/A/Resources/libGIF.dylib
0x00007ff81d986000 	/System/Library/Frameworks/ImageIO.framework/Versions/A/Resources/libJP2.dylib
0x00007ff81d0c4000 	/usr/lib/libexpat.1.dylib
0x00007ff81d93b000 	/System/Library/PrivateFrameworks/AppleJPEG.framework/Versions/A/AppleJPEG
0x00007ff81a254000 	/System/Library/PrivateFrameworks/FontServices.framework/libFontParser.dylib
0x00007ff8178a9000 	/System/Library/PrivateFrameworks/RunningBoardServices.framework/Versions/A/RunningBoardServices
0x00007ff828aa6000 	/System/Library/PrivateFrameworks/IOSurfaceAccelerator.framework/Versions/A/IOSurfaceAccelerator
0x00007ff81da66000 	/System/Library/PrivateFrameworks/WatchdogClient.framework/Versions/A/WatchdogClient
0x00007ff81249f000 	/System/Library/Frameworks/CoreDisplay.framework/Versions/A/CoreDisplay
0x00007ff81a152000 	/System/Library/Frameworks/CoreMedia.framework/Versions/A/CoreMedia
0x00007ff819fe9000 	/System/Library/PrivateFrameworks/IOAccelerator.framework/Versions/A/IOAccelerator
0x00007ff818ef0000 	/System/Library/Frameworks/CoreVideo.framework/Versions/A/CoreVideo
0x00007ff81c655000 	/System/Library/Frameworks/MetalPerformanceShaders.framework/Versions/A/MetalPerformanceShaders
0x00007ff81daa3000 	/System/Library/Frameworks/VideoToolbox.framework/Versions/A/VideoToolbox
0x00007ff8177f3000 	/System/Library/PrivateFrameworks/BaseBoard.framework/Versions/A/BaseBoard
0x00007ff81757d000 	/System/Library/PrivateFrameworks/ProtocolBuffer.framework/Versions/A/ProtocolBuffer
0x00007ff81e0e7000 	/System/Library/PrivateFrameworks/GPUWrangler.framework/Versions/A/GPUWrangler
0x00007ff81e0cb000 	/System/Library/PrivateFrameworks/IOPresentment.framework/Versions/A/IOPresentment
0x00007ff81e0f1000 	/System/Library/PrivateFrameworks/DSExternalDisplay.framework/Versions/A/DSExternalDisplay
0x00007ffa29678000 	/System/Library/Frameworks/OpenGL.framework/Versions/A/Libraries/libCoreFSCache.dylib
0x00007ffb16516000 	/System/Library/PrivateFrameworks/GPUCompiler.framework/Versions/31001/Libraries/libGPUCompilerUtils.dylib
0x00007ff81e15b000 	/System/Library/PrivateFrameworks/CMCaptureCore.framework/Versions/A/CMCaptureCore
0x00007ff81d66c000 	/System/Library/PrivateFrameworks/AppServerSupport.framework/Versions/A/AppServerSupport
0x00007ff81f927000 	/System/Library/PrivateFrameworks/perfdata.framework/Versions/A/perfdata
0x00007ff8125cb000 	/System/Library/PrivateFrameworks/AudioToolboxCore.framework/Versions/A/AudioToolboxCore
0x00007ff81a130000 	/System/Library/PrivateFrameworks/caulk.framework/Versions/A/caulk
0x00007ff81f239000 	/usr/lib/libAudioStatistics.dylib
0x00007ff916a26000 	/System/Library/PrivateFrameworks/SystemPolicy.framework/Versions/A/SystemPolicy
0x00007ff81f494000 	/usr/lib/libSMC.dylib
0x00007ff8283a1000 	/System/Library/Frameworks/CoreMIDI.framework/Versions/A/CoreMIDI
0x00007ff81e018000 	/usr/lib/libAudioToolboxUtility.dylib
0x00007ff912cc9000 	/System/Library/PrivateFrameworks/OSAServicesClient.framework/Versions/A/OSAServicesClient
0x00007ff81f934000 	/usr/lib/libperfcheck.dylib
0x00007ff9174d0000 	/usr/lib/libmis.dylib
0x00007ffa296d3000 	/System/Library/Frameworks/OpenGL.framework/Versions/A/Libraries/libGLU.dylib
0x00007ffa29697000 	/System/Library/Frameworks/OpenGL.framework/Versions/A/Libraries/libGFXShared.dylib
0x00007ffa298a0000 	/System/Library/Frameworks/OpenGL.framework/Versions/A/Libraries/libGL.dylib
0x00007ffa296a0000 	/System/Library/Frameworks/OpenGL.framework/Versions/A/Libraries/libGLImage.dylib
0x00007ffa29694000 	/System/Library/Frameworks/OpenGL.framework/Versions/A/Libraries/libCVMSPluginSupport.dylib
0x00007ffa2967f000 	/System/Library/Frameworks/OpenGL.framework/Versions/A/Libraries/libCoreVMClient.dylib
0x00007ff81ac9c000 	/System/Library/Frameworks/MetalPerformanceShaders.framework/Versions/A/Frameworks/MPSCore.framework/Versions/A/MPSCore
0x00007ff81bfea000 	/System/Library/Frameworks/MetalPerformanceShaders.framework/Versions/A/Frameworks/MPSImage.framework/Versions/A/MPSImage
0x00007ff81ba8d000 	/System/Library/Frameworks/MetalPerformanceShaders.framework/Versions/A/Frameworks/MPSNeuralNetwork.framework/Versions/A/MPSNeuralNetwork
0x00007ff81bf01000 	/System/Library/Frameworks/MetalPerformanceShaders.framework/Versions/A/Frameworks/MPSMatrix.framework/Versions/A/MPSMatrix
0x00007ff81bcbc000 	/System/Library/Frameworks/MetalPerformanceShaders.framework/Versions/A/Frameworks/MPSRayIntersector.framework/Versions/A/MPSRayIntersector
0x00007ff81bf39000 	/System/Library/Frameworks/MetalPerformanceShaders.framework/Versions/A/Frameworks/MPSNDArray.framework/Versions/A/MPSNDArray
0x00007ffa2e600000 	/System/Library/Frameworks/MetalPerformanceShaders.framework/Versions/A/Frameworks/MPSFunctions.framework/Versions/A/MPSFunctions
0x00007ff8119a4000 	/System/Library/PrivateFrameworks/MetalTools.framework/Versions/A/MetalTools
0x00007ff81ad18000 	/System/Library/PrivateFrameworks/AggregateDictionary.framework/Versions/A/AggregateDictionary
0x00007ff81cea6000 	/usr/lib/libIOReport.dylib
0x00007ffa2acaf000 	/System/Library/Frameworks/OpenCL.framework/Versions/A/OpenCL
0x00007ff81d20a000 	/System/Library/PrivateFrameworks/FaceCore.framework/Versions/A/FaceCore
0x00007ff81d1fb000 	/System/Library/PrivateFrameworks/GraphVisualizer.framework/Versions/A/GraphVisualizer
0x00007ffb16421000 	/System/Library/PrivateFrameworks/FontServices.framework/Versions/A/FontServices
0x00007ff81d624000 	/System/Library/PrivateFrameworks/OTSVG.framework/Versions/A/OTSVG
0x00007ff818ad7000 	/System/Library/Frameworks/ApplicationServices.framework/Versions/A/Frameworks/ATS.framework/Versions/A/Resources/libFontRegistry.dylib
0x00007ff81d674000 	/System/Library/PrivateFrameworks/FontServices.framework/libhvf.dylib
0x00007ffb16422000 	/System/Library/PrivateFrameworks/FontServices.framework/libXTFontStaticRegistryData.dylib
0x00007ff81d074000 	/System/Library/PrivateFrameworks/AppleVA.framework/Versions/A/AppleVA
0x00007ff81f259000 	/System/Library/Frameworks/ApplicationServices.framework/Versions/A/Frameworks/ATS.framework/Versions/A/ATS
0x00007ff816cb0000 	/System/Library/Frameworks/ApplicationServices.framework/Versions/A/Frameworks/HIServices.framework/Versions/A/HIServices
0x00007ff81e165000 	/System/Library/Frameworks/ApplicationServices.framework/Versions/A/Frameworks/PrintCore.framework/Versions/A/PrintCore
0x00007ff81f5e7000 	/System/Library/Frameworks/ApplicationServices.framework/Versions/A/Frameworks/QD.framework/Versions/A/QD
0x00007ff81f5df000 	/System/Library/Frameworks/ApplicationServices.framework/Versions/A/Frameworks/ColorSyncLegacy.framework/Versions/A/ColorSyncLegacy
0x00007ff81f249000 	/System/Library/Frameworks/ApplicationServices.framework/Versions/A/Frameworks/SpeechSynthesis.framework/Versions/A/SpeechSynthesis
0x00007ff81e126000 	/System/Library/Frameworks/ApplicationServices.framework/Versions/A/Frameworks/ATSUI.framework/Versions/A/ATSUI
0x00007ff81f574000 	/usr/lib/libcups.2.dylib
0x00007ff81f943000 	/System/Library/Frameworks/Kerberos.framework/Versions/A/Kerberos
0x00007ff81f952000 	/System/Library/Frameworks/GSS.framework/Versions/A/GSS
0x00007ff81f2c5000 	/usr/lib/libresolv.9.dylib
0x00007ff81d683000 	/System/Library/PrivateFrameworks/Heimdal.framework/Versions/A/Heimdal
0x00007ff82651f000 	/System/Library/Frameworks/Kerberos.framework/Versions/A/Libraries/libHeimdalProxy.dylib
0x00007ff81797c000 	/System/Library/Frameworks/Network.framework/Versions/A/Network
0x00007ff81d0de000 	/usr/lib/libheimdal-asn1.dylib
0x00007ff81f99d000 	/System/Library/PrivateFrameworks/CommonAuth.framework/Versions/A/CommonAuth
0x00007ff81f1cb000 	/System/Library/PrivateFrameworks/AudioSession.framework/Versions/A/AudioSession
0x00007ff81d16e000 	/System/Library/PrivateFrameworks/MediaExperience.framework/Versions/A/MediaExperience
0x00007ff81f05e000 	/System/Library/PrivateFrameworks/AudioSession.framework/libSessionUtility.dylib
0x00007ff81f5f3000 	/System/Library/PrivateFrameworks/AudioResourceArbitration.framework/Versions/A/AudioResourceArbitration
0x00007ff823666000 	/System/Library/PrivateFrameworks/PowerLog.framework/Versions/A/PowerLog
0x00007ff81d0e7000 	/System/Library/PrivateFrameworks/IconFoundation.framework/Versions/A/IconFoundation
0x00007ff82241c000 	/System/Library/PrivateFrameworks/SpeechRecognitionCore.framework/Versions/A/SpeechRecognitionCore
0x000000010a343000 	/Users/huybensdries/Library/Java/JavaVirtualMachines/openjdk-17/Contents/Home/lib/server/libjvm.dylib
0x000000010934f000 	/Users/huybensdries/Library/Java/JavaVirtualMachines/openjdk-17/Contents/Home/lib/libjimage.dylib
0x0000000109381000 	/Users/huybensdries/Library/Java/JavaVirtualMachines/openjdk-17/Contents/Home/lib/libinstrument.dylib
0x00000001093d8000 	/Users/huybensdries/Library/Java/JavaVirtualMachines/openjdk-17/Contents/Home/lib/libjava.dylib
0x0000000109fa7000 	/Users/huybensdries/Library/Java/JavaVirtualMachines/openjdk-17/Contents/Home/lib/libnio.dylib
0x0000000109ffe000 	/Users/huybensdries/Library/Java/JavaVirtualMachines/openjdk-17/Contents/Home/lib/libnet.dylib
0x000000010a096000 	/Users/huybensdries/Library/Java/JavaVirtualMachines/openjdk-17/Contents/Home/lib/libzip.dylib
0x000000010a2dc000 	/Users/huybensdries/.openjfx/cache/17.0.1/libprism_es2.dylib
0x00007ff813a5b000 	/System/Library/PrivateFrameworks/CoreServicesInternal.framework/Versions/A/CoreServicesInternal
0x00007ffa298ab000 	/System/Library/Frameworks/OpenGL.framework/Versions/A/Resources/GLEngine.bundle/GLEngine
0x00007ffa29711000 	/System/Library/Frameworks/OpenGL.framework/Versions/A/Libraries/libGLProgrammability.dylib
0x00000001311ef000 	/System/Library/Extensions/AppleMetalOpenGLRenderer.bundle/Contents/MacOS/AppleMetalOpenGLRenderer
0x00007ffa29a35000 	/System/Library/Frameworks/OpenGL.framework/Versions/A/Resources/GLRendererFloat.bundle/GLRendererFloat
0x00007ffa2b84d000 	/System/Library/Extensions/AGXMetal13_3.bundle/Contents/MacOS/AGXMetal13_3
0x00007ff9174eb000 	/System/Library/PrivateFrameworks/GPURawCounter.framework/Versions/A/GPURawCounter
0x00007ff911e71000 	/System/Library/PrivateFrameworks/IOGPU.framework/Versions/A/IOGPU
0x00000001314ea000 	/Users/huybensdries/.openjfx/cache/17.0.1/libglass.dylib
0x00007ff823c57000 	/System/Library/Frameworks/FileProvider.framework/Versions/A/FileProvider
0x00007ff817760000 	/System/Library/Frameworks/Accounts.framework/Versions/A/Accounts
0x00007ff823dd0000 	/System/Library/PrivateFrameworks/GenerationalStorage.framework/Versions/A/GenerationalStorage
0x00007ff8248e3000 	/System/Library/PrivateFrameworks/CoreSymbolication.framework/Versions/A/CoreSymbolication
0x00007ff82365b000 	/System/Library/PrivateFrameworks/SymptomDiagnosticReporter.framework/Versions/A/SymptomDiagnosticReporter
0x00007ff814d19000 	/System/Library/PrivateFrameworks/DesktopServicesPriv.framework/Versions/A/DesktopServicesPriv
0x00007ff813b9a000 	/usr/lib/libsandbox.1.dylib
0x00007ff818f6f000 	/System/Library/PrivateFrameworks/UserManagement.framework/Versions/A/UserManagement
0x00007ff8248a8000 	/System/Library/PrivateFrameworks/DebugSymbols.framework/Versions/A/DebugSymbols
0x00007ff81f5d4000 	/System/Library/PrivateFrameworks/NetAuth.framework/Versions/A/NetAuth
0x00007ff8204e1000 	/System/Library/PrivateFrameworks/Sharing.framework/Versions/A/Sharing
0x00007ff818f42000 	/System/Library/PrivateFrameworks/login.framework/Versions/A/Frameworks/loginsupport.framework/Versions/A/loginsupport
0x00007ff825a46000 	/System/Library/PrivateFrameworks/Apple80211.framework/Versions/A/Apple80211
0x00007ff81c0cf000 	/System/Library/PrivateFrameworks/AuthKit.framework/Versions/A/AuthKit
0x00007ff81b71a000 	/System/Library/PrivateFrameworks/CoreUtils.framework/Versions/A/CoreUtils
0x00007ff81b641000 	/System/Library/Frameworks/CoreWLAN.framework/Versions/A/CoreWLAN
0x00007ff820640000 	/System/Library/Frameworks/IOBluetooth.framework/Versions/A/IOBluetooth
0x00007ff825aae000 	/System/Library/PrivateFrameworks/CoreWiFi.framework/Versions/A/CoreWiFi
0x00007ff82447a000 	/System/Library/PrivateFrameworks/FrontBoardServices.framework/Versions/A/FrontBoardServices
0x00007ff82450b000 	/System/Library/PrivateFrameworks/BoardServices.framework/Versions/A/BoardServices
0x00007ff81b930000 	/System/Library/PrivateFrameworks/AssertionServices.framework/Versions/A/AssertionServices
0x00007ff825c31000 	/System/Library/PrivateFrameworks/BackBoardServices.framework/Versions/A/BackBoardServices
0x00007ff81fa2e000 	/System/Library/PrivateFrameworks/CorePhoneNumbers.framework/Versions/A/CorePhoneNumbers
0x00007ff823778000 	/System/Library/PrivateFrameworks/DiskManagement.framework/Versions/A/DiskManagement
0x00007ff82368c000 	/System/Library/PrivateFrameworks/AppleIDAuthSupport.framework/Versions/A/AppleIDAuthSupport
0x00007ffa30bc1000 	/System/Library/PrivateFrameworks/AAAFoundation.framework/Versions/A/AAAFoundation
0x00007ff81fa0f000 	/System/Library/PrivateFrameworks/KeychainCircle.framework/Versions/A/KeychainCircle
0x00007ff823744000 	/System/Library/PrivateFrameworks/MediaKit.framework/Versions/A/MediaKit
0x00007ff823698000 	/System/Library/Frameworks/DiscRecording.framework/Versions/A/DiscRecording
0x00007ff81cfec000 	/usr/lib/libCoreStorage.dylib
0x00007ff825f1f000 	/usr/lib/libcsfde.dylib
0x00007ff82070d000 	/System/Library/PrivateFrameworks/ProtectedCloudStorage.framework/Versions/A/ProtectedCloudStorage
0x00007ff825f1b000 	/System/Library/PrivateFrameworks/EFILogin.framework/Versions/A/EFILogin
0x00007ff823df6000 	/System/Library/PrivateFrameworks/OctagonTrust.framework/Versions/A/OctagonTrust
0x00007ffb15690000 	/System/Library/PrivateFrameworks/CoreUtilsExtras.framework/Versions/A/CoreUtilsExtras
0x00007ff8235bf000 	/System/Library/Frameworks/CoreBluetooth.framework/Versions/A/CoreBluetooth
0x00007ff8265a4000 	/System/Library/Frameworks/AudioUnit.framework/Versions/A/AudioUnit
0x00007ff81cfe4000 	/usr/lib/libMatch.1.dylib
0x00007ff91baa9000 	/System/Library/Frameworks/Accelerate.framework/Versions/A/Frameworks/vImage.framework/Versions/A/Libraries/libCGInterfaces.dylib
0x00000001329ab000 	/usr/lib/libobjc-trampolines.dylib
0x00007ff818c67000 	/System/Library/PrivateFrameworks/ViewBridge.framework/Versions/A/ViewBridge


VM Arguments:
jvm_args: -javaagent:/Users/huybensdries/Library/Application Support/JetBrains/Toolbox/apps/IDEA-U/ch-0/213.6777.52/IntelliJ IDEA.app/Contents/lib/idea_rt.jar=64129:/Users/huybensdries/Library/Application Support/JetBrains/Toolbox/apps/IDEA-U/ch-0/213.6777.52/IntelliJ IDEA.app/Contents/bin -Dfile.encoding=UTF-8 --module-path=/Users/huybensdries/.m2/repository/org/openjfx/javafx-controls/17.0.1/javafx-controls-17.0.1-mac.jar:/Users/huybensdries/.m2/repository/org/openjfx/javafx-base/17.0.1/javafx-base-17.0.1-mac.jar:/Users/huybensdries/.m2/repository/org/openjfx/javafx-graphics/17.0.1/javafx-graphics-17.0.1-mac.jar:/Users/huybensdries/.m2/repository/org/openjfx/javafx-fxml/17.0.1/javafx-fxml-17.0.1-mac.jar:/Users/huybensdries/Prog_OOP/02103451/target/classes -Djdk.module.main=be.ugent.flash 
java_command: be.ugent.flash/be.ugent.flash.Main /Users/huybensdries/Prog_OOP/02103451/etc/example.sqlite
java_class_path (initial): /Users/huybensdries/.m2/repository/org/openjfx/javafx-controls/17.0.1/javafx-controls-17.0.1.jar:/Users/huybensdries/.m2/repository/org/openjfx/javafx-graphics/17.0.1/javafx-graphics-17.0.1.jar:/Users/huybensdries/.m2/repository/org/openjfx/javafx-base/17.0.1/javafx-base-17.0.1.jar:/Users/huybensdries/.m2/repository/org/openjfx/javafx-fxml/17.0.1/javafx-fxml-17.0.1.jar:/Users/huybensdries/.m2/repository/org/xerial/sqlite-jdbc/3.36.0.2/sqlite-jdbc-3.36.0.2.jar
Launcher Type: SUN_STANDARD

[Global flags]
     intx CICompilerCount                          = 4                                         {product} {ergonomic}
     uint ConcGCThreads                            = 2                                         {product} {ergonomic}
     uint G1ConcRefinementThreads                  = 8                                         {product} {ergonomic}
   size_t G1HeapRegionSize                         = 2097152                                   {product} {ergonomic}
    uintx GCDrainStackTargetSize                   = 64                                        {product} {ergonomic}
   size_t InitialHeapSize                          = 268435456                                 {product} {ergonomic}
   size_t MarkStackSize                            = 4194304                                   {product} {ergonomic}
   size_t MaxHeapSize                              = 4294967296                                {product} {ergonomic}
   size_t MaxNewSize                               = 2575302656                                {product} {ergonomic}
   size_t MinHeapDeltaBytes                        = 2097152                                   {product} {ergonomic}
   size_t MinHeapSize                              = 8388608                                   {product} {ergonomic}
    uintx NonNMethodCodeHeapSize                   = 5839372                                {pd product} {ergonomic}
    uintx NonProfiledCodeHeapSize                  = 122909434                              {pd product} {ergonomic}
    uintx ProfiledCodeHeapSize                     = 122909434                              {pd product} {ergonomic}
    uintx ReservedCodeCacheSize                    = 251658240                              {pd product} {ergonomic}
     bool SegmentedCodeCache                       = true                                      {product} {ergonomic}
   size_t SoftMaxHeapSize                          = 4294967296                             {manageable} {ergonomic}
     bool UseCompressedClassPointers               = true                           {product lp64_product} {ergonomic}
     bool UseCompressedOops                        = true                           {product lp64_product} {ergonomic}
     bool UseG1GC                                  = true                                      {product} {ergonomic}
     bool UseNUMA                                  = false                                     {product} {ergonomic}
     bool UseNUMAInterleaving                      = false                                     {product} {ergonomic}

Logging:
Log output configuration:
 #0: stdout all=warning uptime,level,tags
 #1: stderr all=off uptime,level,tags

Environment Variables:
PATH=/opt/homebrew/bin:/opt/homebrew/sbin:/usr/local/bin:/usr/bin:/bin:/usr/sbin:/sbin:/usr/local/share/dotnet:/opt/X11/bin:~/.dotnet/tools:/Library/Apple/usr/bin:/Library/Frameworks/Mono.framework/Versions/Current/Commands
SHELL=/bin/zsh
DISPLAY=/private/tmp/com.apple.launchd.h2fZ9zhlmj/org.xquartz:0
LC_CTYPE=en_BE.UTF-8

Signal Handlers:
   SIGSEGV: _ZL13crash_handleriP9__siginfoPv in libjvm.dylib, mask=11100110100111111111111111111111, flags=SA_RESTART|SA_SIGINFO
    SIGBUS: _ZL13crash_handleriP9__siginfoPv in libjvm.dylib, mask=11100110100111111111111111111111, flags=SA_RESTART|SA_SIGINFO
    SIGFPE: _ZL13crash_handleriP9__siginfoPv in libjvm.dylib, mask=11100110100111111111111111111111, flags=SA_RESTART|SA_SIGINFO
   SIGPIPE: _ZL17javaSignalHandleriP9__siginfoPv in libjvm.dylib, mask=11100110100111111111111111111111, flags=SA_RESTART|SA_SIGINFO
   SIGXFSZ: _ZL17javaSignalHandleriP9__siginfoPv in libjvm.dylib, mask=11100110100111111111111111111111, flags=SA_RESTART|SA_SIGINFO
    SIGILL: _ZL13crash_handleriP9__siginfoPv in libjvm.dylib, mask=11100110100111111111111111111111, flags=SA_RESTART|SA_SIGINFO
   SIGUSR2: _ZL10SR_handleriP9__siginfoP17__darwin_ucontext in libjvm.dylib, mask=00100000000000000000000000000000, flags=SA_RESTART|SA_SIGINFO
    SIGHUP: _ZL11UserHandleriPvS_ in libjvm.dylib, mask=11100110100111111111111111111111, flags=SA_RESTART|SA_SIGINFO
    SIGINT: _ZL11UserHandleriPvS_ in libjvm.dylib, mask=11100110100111111111111111111111, flags=SA_RESTART|SA_SIGINFO
   SIGTERM: _ZL11UserHandleriPvS_ in libjvm.dylib, mask=11100110100111111111111111111111, flags=SA_RESTART|SA_SIGINFO
   SIGQUIT: _ZL11UserHandleriPvS_ in libjvm.dylib, mask=11100110100111111111111111111111, flags=SA_RESTART|SA_SIGINFO
   SIGTRAP: _ZL13crash_handleriP9__siginfoPv in libjvm.dylib, mask=11100110100111111111111111111111, flags=SA_RESTART|SA_SIGINFO


---------------  S Y S T E M  ---------------

OS:
uname: Darwin 21.4.0 Darwin Kernel Version 21.4.0: Mon Feb 21 20:36:53 PST 2022; root:xnu-8020.101.4~2/RELEASE_ARM64_T8101 x86_64
OS uptime: 6 days 20:47 hours
rlimit (soft/hard): STACK 8176k/65520k , CORE 0k/infinity , NPROC 2666/4000 , NOFILE 10240/infinity , AS infinity/infinity , CPU infinity/infinity , DATA infinity/infinity , FSIZE infinity/infinity , MEMLOCK infinity/infinity , RSS infinity/infinity
load average: 5.80 4.07 3.33

CPU: (EMULATED) total 8 (initial active 8) (1 cores per cpu, 1 threads per core) family 6 model 44 stepping 0 microcode 0x0, cx8, cmov, fxsr, mmx, sse, sse2, sse3, ssse3, sse4.1, sse4.2, popcnt, tsc, tscinvbit, aes, clmul, clflush

Memory: 4k page, physical 16777216k(151948k free), swap 1048576k(940288k free)

vm_info: OpenJDK 64-Bit Server VM (17+35-2724) for bsd-amd64 JRE (17+35-2724), built on Aug  5 2021 22:31:25 by "mach5one" with clang Apple LLVM 12.0.0 (clang-1200.0.32.29)

END.
